
> rk-institute-management-system@2.0.0 test
> vitest --run --reporter=json

The CJS build of Vite's Node API is deprecated. See https://vite.dev/guide/troubleshooting.html#vite-cjs-node-api-deprecated for more details.
{"numTotalTestSuites":63,"numPassedTestSuites":15,"numFailedTestSuites":48,"numPendingTestSuites":0,"numTotalTests":155,"numPassedTests":83,"numFailedTests":72,"numPendingTests":0,"numTodoTests":0,"snapshot":{"added":0,"failure":false,"filesAdded":0,"filesRemoved":0,"filesRemovedList":[],"filesUnmatched":0,"filesUpdated":0,"matched":0,"total":0,"unchecked":0,"uncheckedKeysByFile":[],"unmatched":0,"updated":0,"didUpdate":false},"startTime":1751345122376,"success":false,"testResults":[{"assertionResults":[{"ancestorTitles":["Phase 1 Implementation Integration Tests","Feature Flags System"],"fullName":"Phase 1 Implementation Integration Tests Feature Flags System should provide consistent feature flag access","status":"passed","title":"should provide consistent feature flag access","duration":2.1562999999996464,"failureMessages":[],"meta":{}},{"ancestorTitles":["Phase 1 Implementation Integration Tests","Feature Flags System"],"fullName":"Phase 1 Implementation Integration Tests Feature Flags System should return complete feature flags object","status":"passed","title":"should return complete feature flags object","duration":1.559900000000198,"failureMessages":[],"meta":{}},{"ancestorTitles":["Phase 1 Implementation Integration Tests","Feature Flags System"],"fullName":"Phase 1 Implementation Integration Tests Feature Flags System should provide analytics data","status":"passed","title":"should provide analytics data","duration":0.9585000000001855,"failureMessages":[],"meta":{}},{"ancestorTitles":["Phase 1 Implementation Integration Tests","Feature Flags System"],"fullName":"Phase 1 Implementation Integration Tests Feature Flags System should validate feature flag configuration","status":"passed","title":"should validate feature flag configuration","duration":0.7482999999997446,"failureMessages":[],"meta":{}},{"ancestorTitles":["Phase 1 Implementation Integration Tests","Service Layer Implementation"],"fullName":"Phase 1 Implementation Integration Tests Service Layer Implementation should create StudentService instance","status":"passed","title":"should create StudentService instance","duration":0.8569000000002234,"failureMessages":[],"meta":{}},{"ancestorTitles":["Phase 1 Implementation Integration Tests","Service Layer Implementation"],"fullName":"Phase 1 Implementation Integration Tests Service Layer Implementation should provide health status","status":"passed","title":"should provide health status","duration":3.4031999999997424,"failureMessages":[],"meta":{}},{"ancestorTitles":["Phase 1 Implementation Integration Tests","Service Layer Implementation"],"fullName":"Phase 1 Implementation Integration Tests Service Layer Implementation should handle service operations with proper error handling","status":"passed","title":"should handle service operations with proper error handling","duration":1.4434000000001106,"failureMessages":[],"meta":{}},{"ancestorTitles":["Phase 1 Implementation Integration Tests","Service Layer Implementation"],"fullName":"Phase 1 Implementation Integration Tests Service Layer Implementation should provide consistent service result format","status":"passed","title":"should provide consistent service result format","duration":1.0943999999999505,"failureMessages":[],"meta":{}},{"ancestorTitles":["Phase 1 Implementation Integration Tests","Service Layer Implementation"],"fullName":"Phase 1 Implementation Integration Tests Service Layer Implementation should handle pagination correctly","status":"failed","title":"should handle pagination correctly","duration":12.071199999999862,"failureMessages":["AssertionError: expected false to be true // Object.is equality\n    at C:\\Users\\prabh\\OneDrive\\Desktop\\geminicoder\\__tests__\\integration\\Phase1Implementation.test.ts:196:49\n    at processTicksAndRejections (node:internal/process/task_queues:95:5)\n    at file:///C:/Users/prabh/OneDrive/Desktop/geminicoder/node_modules/@vitest/runner/dist/index.js:529:5\n    at runTest (file:///C:/Users/prabh/OneDrive/Desktop/geminicoder/node_modules/@vitest/runner/dist/index.js:982:11)\n    at runSuite (file:///C:/Users/prabh/OneDrive/Desktop/geminicoder/node_modules/@vitest/runner/dist/index.js:1131:15)\n    at runSuite (file:///C:/Users/prabh/OneDrive/Desktop/geminicoder/node_modules/@vitest/runner/dist/index.js:1131:15)\n    at runSuite (file:///C:/Users/prabh/OneDrive/Desktop/geminicoder/node_modules/@vitest/runner/dist/index.js:1131:15)\n    at runFiles (file:///C:/Users/prabh/OneDrive/Desktop/geminicoder/node_modules/@vitest/runner/dist/index.js:1188:5)\n    at startTests (file:///C:/Users/prabh/OneDrive/Desktop/geminicoder/node_modules/@vitest/runner/dist/index.js:1197:3)\n    at file:///C:/Users/prabh/OneDrive/Desktop/geminicoder/node_modules/vitest/dist/chunks/runBaseTests.9YDrdSI4.js:130:11"],"meta":{}},{"ancestorTitles":["Phase 1 Implementation Integration Tests","Module Registry System"],"fullName":"Phase 1 Implementation Integration Tests Module Registry System should initialize module registry","status":"passed","title":"should initialize module registry","duration":1.0652000000000044,"failureMessages":[],"meta":{}},{"ancestorTitles":["Phase 1 Implementation Integration Tests","Module Registry System"],"fullName":"Phase 1 Implementation Integration Tests Module Registry System should register modules successfully","status":"passed","title":"should register modules successfully","duration":3.9317000000000917,"failureMessages":[],"meta":{}},{"ancestorTitles":["Phase 1 Implementation Integration Tests","Module Registry System"],"fullName":"Phase 1 Implementation Integration Tests Module Registry System should provide module status information","status":"failed","title":"should provide module status information","duration":2.387000000000171,"failureMessages":["Error: Module core is already registered\n    at ModuleRegistry.register (C:\\Users\\prabh\\OneDrive\\Desktop\\geminicoder\\lib\\modules\\ModuleRegistry.ts:196:15)\n    at registerCoreModules (C:\\Users\\prabh\\OneDrive\\Desktop\\geminicoder\\lib\\modules\\index.ts:62:18)\n    at Module.registerModules (C:\\Users\\prabh\\OneDrive\\Desktop\\geminicoder\\lib\\modules\\index.ts:27:5)\n    at C:\\Users\\prabh\\OneDrive\\Desktop\\geminicoder\\__tests__\\integration\\Phase1Implementation.test.ts:216:7\n    at file:///C:/Users/prabh/OneDrive/Desktop/geminicoder/node_modules/@vitest/runner/dist/index.js:146:14\n    at file:///C:/Users/prabh/OneDrive/Desktop/geminicoder/node_modules/@vitest/runner/dist/index.js:529:11\n    at runWithTimeout (file:///C:/Users/prabh/OneDrive/Desktop/geminicoder/node_modules/@vitest/runner/dist/index.js:61:7)\n    at runTest (file:///C:/Users/prabh/OneDrive/Desktop/geminicoder/node_modules/@vitest/runner/dist/index.js:982:17)\n    at processTicksAndRejections (node:internal/process/task_queues:95:5)\n    at runSuite (file:///C:/Users/prabh/OneDrive/Desktop/geminicoder/node_modules/@vitest/runner/dist/index.js:1131:15)"],"meta":{}},{"ancestorTitles":["Phase 1 Implementation Integration Tests","Module Registry System"],"fullName":"Phase 1 Implementation Integration Tests Module Registry System should handle module dependencies correctly","status":"failed","title":"should handle module dependencies correctly","duration":0.9909999999999854,"failureMessages":["Error: Module core is already registered\n    at ModuleRegistry.register (C:\\Users\\prabh\\OneDrive\\Desktop\\geminicoder\\lib\\modules\\ModuleRegistry.ts:196:15)\n    at registerCoreModules (C:\\Users\\prabh\\OneDrive\\Desktop\\geminicoder\\lib\\modules\\index.ts:62:18)\n    at Module.registerModules (C:\\Users\\prabh\\OneDrive\\Desktop\\geminicoder\\lib\\modules\\index.ts:27:5)\n    at C:\\Users\\prabh\\OneDrive\\Desktop\\geminicoder\\__tests__\\integration\\Phase1Implementation.test.ts:236:7\n    at file:///C:/Users/prabh/OneDrive/Desktop/geminicoder/node_modules/@vitest/runner/dist/index.js:146:14\n    at file:///C:/Users/prabh/OneDrive/Desktop/geminicoder/node_modules/@vitest/runner/dist/index.js:529:11\n    at runWithTimeout (file:///C:/Users/prabh/OneDrive/Desktop/geminicoder/node_modules/@vitest/runner/dist/index.js:61:7)\n    at runTest (file:///C:/Users/prabh/OneDrive/Desktop/geminicoder/node_modules/@vitest/runner/dist/index.js:982:17)\n    at processTicksAndRejections (node:internal/process/task_queues:95:5)\n    at runSuite (file:///C:/Users/prabh/OneDrive/Desktop/geminicoder/node_modules/@vitest/runner/dist/index.js:1131:15)"],"meta":{}},{"ancestorTitles":["Phase 1 Implementation Integration Tests","Module Registry System"],"fullName":"Phase 1 Implementation Integration Tests Module Registry System should integrate with feature flags","status":"failed","title":"should integrate with feature flags","duration":0.6892000000002554,"failureMessages":["Error: Module core is already registered\n    at ModuleRegistry.register (C:\\Users\\prabh\\OneDrive\\Desktop\\geminicoder\\lib\\modules\\ModuleRegistry.ts:196:15)\n    at registerCoreModules (C:\\Users\\prabh\\OneDrive\\Desktop\\geminicoder\\lib\\modules\\index.ts:62:18)\n    at Module.registerModules (C:\\Users\\prabh\\OneDrive\\Desktop\\geminicoder\\lib\\modules\\index.ts:27:5)\n    at C:\\Users\\prabh\\OneDrive\\Desktop\\geminicoder\\__tests__\\integration\\Phase1Implementation.test.ts:253:7\n    at file:///C:/Users/prabh/OneDrive/Desktop/geminicoder/node_modules/@vitest/runner/dist/index.js:146:14\n    at file:///C:/Users/prabh/OneDrive/Desktop/geminicoder/node_modules/@vitest/runner/dist/index.js:529:11\n    at runWithTimeout (file:///C:/Users/prabh/OneDrive/Desktop/geminicoder/node_modules/@vitest/runner/dist/index.js:61:7)\n    at runTest (file:///C:/Users/prabh/OneDrive/Desktop/geminicoder/node_modules/@vitest/runner/dist/index.js:982:17)\n    at processTicksAndRejections (node:internal/process/task_queues:95:5)\n    at runSuite (file:///C:/Users/prabh/OneDrive/Desktop/geminicoder/node_modules/@vitest/runner/dist/index.js:1131:15)"],"meta":{}},{"ancestorTitles":["Phase 1 Implementation Integration Tests","Module Registry System"],"fullName":"Phase 1 Implementation Integration Tests Module Registry System should provide module statistics","status":"failed","title":"should provide module statistics","duration":0.6095000000000255,"failureMessages":["Error: Module core is already registered\n    at ModuleRegistry.register (C:\\Users\\prabh\\OneDrive\\Desktop\\geminicoder\\lib\\modules\\ModuleRegistry.ts:196:15)\n    at registerCoreModules (C:\\Users\\prabh\\OneDrive\\Desktop\\geminicoder\\lib\\modules\\index.ts:62:18)\n    at Module.registerModules (C:\\Users\\prabh\\OneDrive\\Desktop\\geminicoder\\lib\\modules\\index.ts:27:5)\n    at C:\\Users\\prabh\\OneDrive\\Desktop\\geminicoder\\__tests__\\integration\\Phase1Implementation.test.ts:266:7\n    at file:///C:/Users/prabh/OneDrive/Desktop/geminicoder/node_modules/@vitest/runner/dist/index.js:146:14\n    at file:///C:/Users/prabh/OneDrive/Desktop/geminicoder/node_modules/@vitest/runner/dist/index.js:529:11\n    at runWithTimeout (file:///C:/Users/prabh/OneDrive/Desktop/geminicoder/node_modules/@vitest/runner/dist/index.js:61:7)\n    at runTest (file:///C:/Users/prabh/OneDrive/Desktop/geminicoder/node_modules/@vitest/runner/dist/index.js:982:17)\n    at processTicksAndRejections (node:internal/process/task_queues:95:5)\n    at runSuite (file:///C:/Users/prabh/OneDrive/Desktop/geminicoder/node_modules/@vitest/runner/dist/index.js:1131:15)"],"meta":{}},{"ancestorTitles":["Phase 1 Implementation Integration Tests","System Integration"],"fullName":"Phase 1 Implementation Integration Tests System Integration should integrate all Phase 1 components","status":"failed","title":"should integrate all Phase 1 components","duration":0.6748999999999796,"failureMessages":["Error: Module core is already registered\n    at ModuleRegistry.register (C:\\Users\\prabh\\OneDrive\\Desktop\\geminicoder\\lib\\modules\\ModuleRegistry.ts:196:15)\n    at registerCoreModules (C:\\Users\\prabh\\OneDrive\\Desktop\\geminicoder\\lib\\modules\\index.ts:62:18)\n    at Module.registerModules (C:\\Users\\prabh\\OneDrive\\Desktop\\geminicoder\\lib\\modules\\index.ts:27:5)\n    at C:\\Users\\prabh\\OneDrive\\Desktop\\geminicoder\\__tests__\\integration\\Phase1Implementation.test.ts:289:7\n    at file:///C:/Users/prabh/OneDrive/Desktop/geminicoder/node_modules/@vitest/runner/dist/index.js:146:14\n    at file:///C:/Users/prabh/OneDrive/Desktop/geminicoder/node_modules/@vitest/runner/dist/index.js:529:11\n    at runWithTimeout (file:///C:/Users/prabh/OneDrive/Desktop/geminicoder/node_modules/@vitest/runner/dist/index.js:61:7)\n    at runTest (file:///C:/Users/prabh/OneDrive/Desktop/geminicoder/node_modules/@vitest/runner/dist/index.js:982:17)\n    at processTicksAndRejections (node:internal/process/task_queues:95:5)\n    at runSuite (file:///C:/Users/prabh/OneDrive/Desktop/geminicoder/node_modules/@vitest/runner/dist/index.js:1131:15)"],"meta":{}},{"ancestorTitles":["Phase 1 Implementation Integration Tests","System Integration"],"fullName":"Phase 1 Implementation Integration Tests System Integration should maintain backwards compatibility","status":"failed","title":"should maintain backwards compatibility","duration":7.279399999999896,"failureMessages":["AssertionError: expected [Function] to not throw an error but 'Error: Module core is already registeΓÇª' was thrown\n    at Proxy.<anonymous> (file:///C:/Users/prabh/OneDrive/Desktop/geminicoder/node_modules/@vitest/expect/dist/index.js:1437:21)\n    at Proxy.<anonymous> (file:///C:/Users/prabh/OneDrive/Desktop/geminicoder/node_modules/@vitest/expect/dist/index.js:923:17)\n    at Proxy.methodWrapper (file:///C:/Users/prabh/OneDrive/Desktop/geminicoder/node_modules/chai/chai.js:1618:25)\n    at C:\\Users\\prabh\\OneDrive\\Desktop\\geminicoder\\__tests__\\integration\\Phase1Implementation.test.ts:317:14\n    at file:///C:/Users/prabh/OneDrive/Desktop/geminicoder/node_modules/@vitest/runner/dist/index.js:146:14\n    at file:///C:/Users/prabh/OneDrive/Desktop/geminicoder/node_modules/@vitest/runner/dist/index.js:529:11\n    at runWithTimeout (file:///C:/Users/prabh/OneDrive/Desktop/geminicoder/node_modules/@vitest/runner/dist/index.js:61:7)\n    at runTest (file:///C:/Users/prabh/OneDrive/Desktop/geminicoder/node_modules/@vitest/runner/dist/index.js:982:17)\n    at processTicksAndRejections (node:internal/process/task_queues:95:5)\n    at runSuite (file:///C:/Users/prabh/OneDrive/Desktop/geminicoder/node_modules/@vitest/runner/dist/index.js:1131:15)"],"meta":{}},{"ancestorTitles":["Phase 1 Implementation Integration Tests","System Integration"],"fullName":"Phase 1 Implementation Integration Tests System Integration should provide consistent error handling across systems","status":"passed","title":"should provide consistent error handling across systems","duration":2.1984999999999673,"failureMessages":[],"meta":{}},{"ancestorTitles":["Phase 1 Implementation Integration Tests","System Integration"],"fullName":"Phase 1 Implementation Integration Tests System Integration should provide performance metrics","status":"failed","title":"should provide performance metrics","duration":1.0158000000001266,"failureMessages":["Error: Module core is already registered\n    at ModuleRegistry.register (C:\\Users\\prabh\\OneDrive\\Desktop\\geminicoder\\lib\\modules\\ModuleRegistry.ts:196:15)\n    at registerCoreModules (C:\\Users\\prabh\\OneDrive\\Desktop\\geminicoder\\lib\\modules\\index.ts:62:18)\n    at Module.registerModules (C:\\Users\\prabh\\OneDrive\\Desktop\\geminicoder\\lib\\modules\\index.ts:27:5)\n    at C:\\Users\\prabh\\OneDrive\\Desktop\\geminicoder\\__tests__\\integration\\Phase1Implementation.test.ts:339:7\n    at file:///C:/Users/prabh/OneDrive/Desktop/geminicoder/node_modules/@vitest/runner/dist/index.js:146:14\n    at file:///C:/Users/prabh/OneDrive/Desktop/geminicoder/node_modules/@vitest/runner/dist/index.js:529:11\n    at runWithTimeout (file:///C:/Users/prabh/OneDrive/Desktop/geminicoder/node_modules/@vitest/runner/dist/index.js:61:7)\n    at runTest (file:///C:/Users/prabh/OneDrive/Desktop/geminicoder/node_modules/@vitest/runner/dist/index.js:982:17)\n    at processTicksAndRejections (node:internal/process/task_queues:95:5)\n    at runSuite (file:///C:/Users/prabh/OneDrive/Desktop/geminicoder/node_modules/@vitest/runner/dist/index.js:1131:15)"],"meta":{}},{"ancestorTitles":["Phase 1 Implementation Integration Tests","Phase 1 Success Criteria Validation"],"fullName":"Phase 1 Implementation Integration Tests Phase 1 Success Criteria Validation should meet all Phase 1 success criteria","status":"failed","title":"should meet all Phase 1 success criteria","duration":1.2096000000001368,"failureMessages":["Error: Module core is already registered\n    at ModuleRegistry.register (C:\\Users\\prabh\\OneDrive\\Desktop\\geminicoder\\lib\\modules\\ModuleRegistry.ts:196:15)\n    at registerCoreModules (C:\\Users\\prabh\\OneDrive\\Desktop\\geminicoder\\lib\\modules\\index.ts:62:18)\n    at Module.registerModules (C:\\Users\\prabh\\OneDrive\\Desktop\\geminicoder\\lib\\modules\\index.ts:27:5)\n    at C:\\Users\\prabh\\OneDrive\\Desktop\\geminicoder\\__tests__\\integration\\Phase1Implementation.test.ts:373:7\n    at file:///C:/Users/prabh/OneDrive/Desktop/geminicoder/node_modules/@vitest/runner/dist/index.js:146:14\n    at file:///C:/Users/prabh/OneDrive/Desktop/geminicoder/node_modules/@vitest/runner/dist/index.js:529:11\n    at runWithTimeout (file:///C:/Users/prabh/OneDrive/Desktop/geminicoder/node_modules/@vitest/runner/dist/index.js:61:7)\n    at runTest (file:///C:/Users/prabh/OneDrive/Desktop/geminicoder/node_modules/@vitest/runner/dist/index.js:982:17)\n    at processTicksAndRejections (node:internal/process/task_queues:95:5)\n    at runSuite (file:///C:/Users/prabh/OneDrive/Desktop/geminicoder/node_modules/@vitest/runner/dist/index.js:1131:15)"],"meta":{}},{"ancestorTitles":["Phase 1 Implementation Integration Tests","Phase 1 Success Criteria Validation"],"fullName":"Phase 1 Implementation Integration Tests Phase 1 Success Criteria Validation should provide development experience improvements","status":"failed","title":"should provide development experience improvements","duration":0.8074000000001433,"failureMessages":["Error: Module core is already registered\n    at ModuleRegistry.register (C:\\Users\\prabh\\OneDrive\\Desktop\\geminicoder\\lib\\modules\\ModuleRegistry.ts:196:15)\n    at registerCoreModules (C:\\Users\\prabh\\OneDrive\\Desktop\\geminicoder\\lib\\modules\\index.ts:62:18)\n    at Module.registerModules (C:\\Users\\prabh\\OneDrive\\Desktop\\geminicoder\\lib\\modules\\index.ts:27:5)\n    at C:\\Users\\prabh\\OneDrive\\Desktop\\geminicoder\\__tests__\\integration\\Phase1Implementation.test.ts:405:7\n    at file:///C:/Users/prabh/OneDrive/Desktop/geminicoder/node_modules/@vitest/runner/dist/index.js:146:14\n    at file:///C:/Users/prabh/OneDrive/Desktop/geminicoder/node_modules/@vitest/runner/dist/index.js:529:11\n    at runWithTimeout (file:///C:/Users/prabh/OneDrive/Desktop/geminicoder/node_modules/@vitest/runner/dist/index.js:61:7)\n    at runTest (file:///C:/Users/prabh/OneDrive/Desktop/geminicoder/node_modules/@vitest/runner/dist/index.js:982:17)\n    at processTicksAndRejections (node:internal/process/task_queues:95:5)\n    at runSuite (file:///C:/Users/prabh/OneDrive/Desktop/geminicoder/node_modules/@vitest/runner/dist/index.js:1131:15)"],"meta":{}},{"ancestorTitles":["Phase 1 Implementation Integration Tests","Phase 1 Success Criteria Validation"],"fullName":"Phase 1 Implementation Integration Tests Phase 1 Success Criteria Validation should maintain performance standards","status":"failed","title":"should maintain performance standards","duration":0.6091999999998734,"failureMessages":["Error: Module core is already registered\n    at ModuleRegistry.register (C:\\Users\\prabh\\OneDrive\\Desktop\\geminicoder\\lib\\modules\\ModuleRegistry.ts:196:15)\n    at registerCoreModules (C:\\Users\\prabh\\OneDrive\\Desktop\\geminicoder\\lib\\modules\\index.ts:62:18)\n    at Module.registerModules (C:\\Users\\prabh\\OneDrive\\Desktop\\geminicoder\\lib\\modules\\index.ts:27:5)\n    at C:\\Users\\prabh\\OneDrive\\Desktop\\geminicoder\\__tests__\\integration\\Phase1Implementation.test.ts:420:7\n    at file:///C:/Users/prabh/OneDrive/Desktop/geminicoder/node_modules/@vitest/runner/dist/index.js:146:14\n    at file:///C:/Users/prabh/OneDrive/Desktop/geminicoder/node_modules/@vitest/runner/dist/index.js:529:11\n    at runWithTimeout (file:///C:/Users/prabh/OneDrive/Desktop/geminicoder/node_modules/@vitest/runner/dist/index.js:61:7)\n    at runTest (file:///C:/Users/prabh/OneDrive/Desktop/geminicoder/node_modules/@vitest/runner/dist/index.js:982:17)\n    at processTicksAndRejections (node:internal/process/task_queues:95:5)\n    at runSuite (file:///C:/Users/prabh/OneDrive/Desktop/geminicoder/node_modules/@vitest/runner/dist/index.js:1131:15)"],"meta":{}}],"startTime":1751345125228,"endTime":1751345125276.6091,"status":"failed","message":"","name":"C:/Users/prabh/OneDrive/Desktop/geminicoder/__tests__/integration/Phase1Implementation.test.ts"},{"assertionResults":[{"ancestorTitles":["Module Registration System","Module Registration Process"],"fullName":"Module Registration System Module Registration Process should register all modules without errors","status":"passed","title":"should register all modules without errors","duration":6.081700000000183,"failureMessages":[],"meta":{}},{"ancestorTitles":["Module Registration System","Module Registration Process"],"fullName":"Module Registration System Module Registration Process should register core modules first","status":"passed","title":"should register core modules first","duration":1.7323999999998705,"failureMessages":[],"meta":{}},{"ancestorTitles":["Module Registration System","Module Registration Process"],"fullName":"Module Registration System Module Registration Process should register feature modules with proper dependencies","status":"passed","title":"should register feature modules with proper dependencies","duration":1.5938000000001011,"failureMessages":[],"meta":{}},{"ancestorTitles":["Module Registration System","Module Registration Process"],"fullName":"Module Registration System Module Registration Process should handle feature flag controlled modules","status":"passed","title":"should handle feature flag controlled modules","duration":0.652599999999893,"failureMessages":[],"meta":{}},{"ancestorTitles":["Module Registration System","Module Registration Process"],"fullName":"Module Registration System Module Registration Process should register integration modules conditionally","status":"passed","title":"should register integration modules conditionally","duration":0.4387000000001535,"failureMessages":[],"meta":{}},{"ancestorTitles":["Module Registration System","Module Registration Process"],"fullName":"Module Registration System Module Registration Process should register experimental modules conditionally","status":"passed","title":"should register experimental modules conditionally","duration":0.5412999999998647,"failureMessages":[],"meta":{}},{"ancestorTitles":["Module Registration System","Module Status and Statistics"],"fullName":"Module Registration System Module Status and Statistics should provide comprehensive module status","status":"passed","title":"should provide comprehensive module status","duration":1.2761000000000422,"failureMessages":[],"meta":{}},{"ancestorTitles":["Module Registration System","Module Status and Statistics"],"fullName":"Module Registration System Module Status and Statistics should have correct module counts","status":"passed","title":"should have correct module counts","duration":1.1230999999997948,"failureMessages":[],"meta":{}},{"ancestorTitles":["Module Registration System","Module Status and Statistics"],"fullName":"Module Registration System Module Status and Statistics should categorize modules correctly","status":"passed","title":"should categorize modules correctly","duration":1.28650000000016,"failureMessages":[],"meta":{}},{"ancestorTitles":["Module Registration System","Module Status and Statistics"],"fullName":"Module Registration System Module Status and Statistics should track module status correctly","status":"passed","title":"should track module status correctly","duration":1.0234999999997854,"failureMessages":[],"meta":{}},{"ancestorTitles":["Module Registration System","Module Status and Statistics"],"fullName":"Module Registration System Module Status and Statistics should identify enabled core modules","status":"passed","title":"should identify enabled core modules","duration":1.3052999999999884,"failureMessages":[],"meta":{}},{"ancestorTitles":["Module Registration System","Module Status and Statistics"],"fullName":"Module Registration System Module Status and Statistics should identify disabled feature-controlled modules","status":"passed","title":"should identify disabled feature-controlled modules","duration":0.9005000000001928,"failureMessages":[],"meta":{}},{"ancestorTitles":["Module Registration System","Module Dependencies and Relationships"],"fullName":"Module Registration System Module Dependencies and Relationships should maintain proper dependency hierarchy","status":"passed","title":"should maintain proper dependency hierarchy","duration":1.7377000000001317,"failureMessages":[],"meta":{}},{"ancestorTitles":["Module Registration System","Module Dependencies and Relationships"],"fullName":"Module Registration System Module Dependencies and Relationships should track module dependents correctly","status":"passed","title":"should track module dependents correctly","duration":0.8735999999998967,"failureMessages":[],"meta":{}},{"ancestorTitles":["Module Registration System","Module Dependencies and Relationships"],"fullName":"Module Registration System Module Dependencies and Relationships should prevent disabling modules with active dependents","status":"passed","title":"should prevent disabling modules with active dependents","duration":0.6731999999997242,"failureMessages":[],"meta":{}},{"ancestorTitles":["Module Registration System","Feature Flag Integration"],"fullName":"Module Registration System Feature Flag Integration should respect feature flag states during registration","status":"failed","title":"should respect feature flag states during registration","duration":12.246000000000095,"failureMessages":["AssertionError: expected true to be false // Object.is equality\n    at C:\\Users\\prabh\\OneDrive\\Desktop\\geminicoder\\__tests__\\modules\\ModuleRegistration.test.ts:254:53\n    at processTicksAndRejections (node:internal/process/task_queues:95:5)\n    at file:///C:/Users/prabh/OneDrive/Desktop/geminicoder/node_modules/@vitest/runner/dist/index.js:529:5\n    at runTest (file:///C:/Users/prabh/OneDrive/Desktop/geminicoder/node_modules/@vitest/runner/dist/index.js:982:11)\n    at runSuite (file:///C:/Users/prabh/OneDrive/Desktop/geminicoder/node_modules/@vitest/runner/dist/index.js:1131:15)\n    at runSuite (file:///C:/Users/prabh/OneDrive/Desktop/geminicoder/node_modules/@vitest/runner/dist/index.js:1131:15)\n    at runSuite (file:///C:/Users/prabh/OneDrive/Desktop/geminicoder/node_modules/@vitest/runner/dist/index.js:1131:15)\n    at runFiles (file:///C:/Users/prabh/OneDrive/Desktop/geminicoder/node_modules/@vitest/runner/dist/index.js:1188:5)\n    at startTests (file:///C:/Users/prabh/OneDrive/Desktop/geminicoder/node_modules/@vitest/runner/dist/index.js:1197:3)\n    at file:///C:/Users/prabh/OneDrive/Desktop/geminicoder/node_modules/vitest/dist/chunks/runBaseTests.9YDrdSI4.js:130:11"],"meta":{}},{"ancestorTitles":["Module Registration System","Feature Flag Integration"],"fullName":"Module Registration System Feature Flag Integration should handle modules with mixed feature requirements","status":"passed","title":"should handle modules with mixed feature requirements","duration":0.6322999999997592,"failureMessages":[],"meta":{}},{"ancestorTitles":["Module Registration System","Performance and Scalability"],"fullName":"Module Registration System Performance and Scalability should register modules efficiently","status":"passed","title":"should register modules efficiently","duration":0.4212999999999738,"failureMessages":[],"meta":{}},{"ancestorTitles":["Module Registration System","Performance and Scalability"],"fullName":"Module Registration System Performance and Scalability should provide status information efficiently","status":"passed","title":"should provide status information efficiently","duration":0.5389000000000124,"failureMessages":[],"meta":{}},{"ancestorTitles":["Module Registration System","Performance and Scalability"],"fullName":"Module Registration System Performance and Scalability should handle module queries efficiently","status":"passed","title":"should handle module queries efficiently","duration":2.1340000000000146,"failureMessages":[],"meta":{}},{"ancestorTitles":["Module Registration System","Error Handling and Resilience"],"fullName":"Module Registration System Error Handling and Resilience should handle registration errors gracefully","status":"passed","title":"should handle registration errors gracefully","duration":0.632600000000366,"failureMessages":[],"meta":{}},{"ancestorTitles":["Module Registration System","Error Handling and Resilience"],"fullName":"Module Registration System Error Handling and Resilience should provide error information in status","status":"passed","title":"should provide error information in status","duration":0.434099999999944,"failureMessages":[],"meta":{}},{"ancestorTitles":["Module Registration System","Error Handling and Resilience"],"fullName":"Module Registration System Error Handling and Resilience should handle missing dependencies gracefully","status":"passed","title":"should handle missing dependencies gracefully","duration":0.31619999999975335,"failureMessages":[],"meta":{}},{"ancestorTitles":["Module Registration System","Module Health and Monitoring"],"fullName":"Module Registration System Module Health and Monitoring should provide health status for modules","status":"passed","title":"should provide health status for modules","duration":2.202900000000227,"failureMessages":[],"meta":{}},{"ancestorTitles":["Module Registration System","Module Health and Monitoring"],"fullName":"Module Registration System Module Health and Monitoring should track module performance metrics","status":"passed","title":"should track module performance metrics","duration":0.999000000000251,"failureMessages":[],"meta":{}}],"startTime":1751345125211,"endTime":1751345125254.999,"status":"failed","message":"","name":"C:/Users/prabh/OneDrive/Desktop/geminicoder/__tests__/modules/ModuleRegistration.test.ts"},{"assertionResults":[{"ancestorTitles":["ModuleRegistry","Module Registration"],"fullName":"ModuleRegistry Module Registration should register a valid module successfully","status":"passed","title":"should register a valid module successfully","duration":3.4794999999999163,"failureMessages":[],"meta":{}},{"ancestorTitles":["ModuleRegistry","Module Registration"],"fullName":"ModuleRegistry Module Registration should validate module configuration","status":"passed","title":"should validate module configuration","duration":0.8339000000000851,"failureMessages":[],"meta":{}},{"ancestorTitles":["ModuleRegistry","Module Registration"],"fullName":"ModuleRegistry Module Registration should prevent duplicate module registration","status":"passed","title":"should prevent duplicate module registration","duration":0.5443000000000211,"failureMessages":[],"meta":{}},{"ancestorTitles":["ModuleRegistry","Module Registration"],"fullName":"ModuleRegistry Module Registration should validate dependencies exist","status":"passed","title":"should validate dependencies exist","duration":0.3682000000003427,"failureMessages":[],"meta":{}},{"ancestorTitles":["ModuleRegistry","Module Registration"],"fullName":"ModuleRegistry Module Registration should detect circular dependencies","status":"failed","title":"should detect circular dependencies","duration":7.31269999999995,"failureMessages":["Error: Dependency module-b not found for module module-a\n    at ModuleRegistry.register (C:\\Users\\prabh\\OneDrive\\Desktop\\geminicoder\\lib\\modules\\ModuleRegistry.ts:202:17)\n    at C:\\Users\\prabh\\OneDrive\\Desktop\\geminicoder\\__tests__\\modules\\ModuleRegistry.test.ts:148:16\n    at file:///C:/Users/prabh/OneDrive/Desktop/geminicoder/node_modules/@vitest/runner/dist/index.js:146:14\n    at file:///C:/Users/prabh/OneDrive/Desktop/geminicoder/node_modules/@vitest/runner/dist/index.js:529:11\n    at runWithTimeout (file:///C:/Users/prabh/OneDrive/Desktop/geminicoder/node_modules/@vitest/runner/dist/index.js:61:7)\n    at runTest (file:///C:/Users/prabh/OneDrive/Desktop/geminicoder/node_modules/@vitest/runner/dist/index.js:982:17)\n    at processTicksAndRejections (node:internal/process/task_queues:95:5)\n    at runSuite (file:///C:/Users/prabh/OneDrive/Desktop/geminicoder/node_modules/@vitest/runner/dist/index.js:1131:15)\n    at runSuite (file:///C:/Users/prabh/OneDrive/Desktop/geminicoder/node_modules/@vitest/runner/dist/index.js:1131:15)\n    at runSuite (file:///C:/Users/prabh/OneDrive/Desktop/geminicoder/node_modules/@vitest/runner/dist/index.js:1131:15)"],"meta":{}},{"ancestorTitles":["ModuleRegistry","Module Registration"],"fullName":"ModuleRegistry Module Registration should handle feature flag requirements","status":"passed","title":"should handle feature flag requirements","duration":7.128099999999904,"failureMessages":[],"meta":{}},{"ancestorTitles":["ModuleRegistry","Module Registration"],"fullName":"ModuleRegistry Module Registration should set module metadata correctly","status":"passed","title":"should set module metadata correctly","duration":0.7700999999997293,"failureMessages":[],"meta":{}},{"ancestorTitles":["ModuleRegistry","Module Querying and Management"],"fullName":"ModuleRegistry Module Querying and Management should check if module is enabled","status":"passed","title":"should check if module is enabled","duration":0.8063000000001921,"failureMessages":[],"meta":{}},{"ancestorTitles":["ModuleRegistry","Module Querying and Management"],"fullName":"ModuleRegistry Module Querying and Management should get all modules","status":"passed","title":"should get all modules","duration":2.5896999999999935,"failureMessages":[],"meta":{}},{"ancestorTitles":["ModuleRegistry","Module Querying and Management"],"fullName":"ModuleRegistry Module Querying and Management should get enabled modules only","status":"passed","title":"should get enabled modules only","duration":1.2067999999999302,"failureMessages":[],"meta":{}},{"ancestorTitles":["ModuleRegistry","Module Querying and Management"],"fullName":"ModuleRegistry Module Querying and Management should get modules by category","status":"passed","title":"should get modules by category","duration":1.1801000000000386,"failureMessages":[],"meta":{}},{"ancestorTitles":["ModuleRegistry","Module Querying and Management"],"fullName":"ModuleRegistry Module Querying and Management should get module dependencies","status":"passed","title":"should get module dependencies","duration":1.6820999999999913,"failureMessages":[],"meta":{}},{"ancestorTitles":["ModuleRegistry","Module Querying and Management"],"fullName":"ModuleRegistry Module Querying and Management should get module dependents","status":"passed","title":"should get module dependents","duration":0.7444000000000415,"failureMessages":[],"meta":{}},{"ancestorTitles":["ModuleRegistry","Module Querying and Management"],"fullName":"ModuleRegistry Module Querying and Management should track access metrics","status":"passed","title":"should track access metrics","duration":0.6755000000002838,"failureMessages":[],"meta":{}},{"ancestorTitles":["ModuleRegistry","Module Enable/Disable Operations"],"fullName":"ModuleRegistry Module Enable/Disable Operations should check if module can be disabled","status":"passed","title":"should check if module can be disabled","duration":0.5109999999999673,"failureMessages":[],"meta":{}},{"ancestorTitles":["ModuleRegistry","Module Enable/Disable Operations"],"fullName":"ModuleRegistry Module Enable/Disable Operations should disable module without dependents","status":"passed","title":"should disable module without dependents","duration":0.5797000000002299,"failureMessages":[],"meta":{}},{"ancestorTitles":["ModuleRegistry","Module Enable/Disable Operations"],"fullName":"ModuleRegistry Module Enable/Disable Operations should prevent disabling module with dependents","status":"passed","title":"should prevent disabling module with dependents","duration":0.3498999999997068,"failureMessages":[],"meta":{}},{"ancestorTitles":["ModuleRegistry","Module Enable/Disable Operations"],"fullName":"ModuleRegistry Module Enable/Disable Operations should enable disabled module","status":"passed","title":"should enable disabled module","duration":0.4751000000001113,"failureMessages":[],"meta":{}},{"ancestorTitles":["ModuleRegistry","Module Enable/Disable Operations"],"fullName":"ModuleRegistry Module Enable/Disable Operations should validate dependencies when enabling","status":"passed","title":"should validate dependencies when enabling","duration":0.3733999999999469,"failureMessages":[],"meta":{}},{"ancestorTitles":["ModuleRegistry","Module Enable/Disable Operations"],"fullName":"ModuleRegistry Module Enable/Disable Operations should validate feature flags when enabling","status":"passed","title":"should validate feature flags when enabling","duration":0.4497000000001208,"failureMessages":[],"meta":{}},{"ancestorTitles":["ModuleRegistry","Event System"],"fullName":"ModuleRegistry Event System should emit registration events","status":"passed","title":"should emit registration events","duration":2.3552999999997155,"failureMessages":[],"meta":{}},{"ancestorTitles":["ModuleRegistry","Event System"],"fullName":"ModuleRegistry Event System should emit enable/disable events","status":"passed","title":"should emit enable/disable events","duration":1.3765000000003056,"failureMessages":[],"meta":{}},{"ancestorTitles":["ModuleRegistry","Event System"],"fullName":"ModuleRegistry Event System should handle event listener errors gracefully","status":"passed","title":"should handle event listener errors gracefully","duration":0.5512000000003354,"failureMessages":[],"meta":{}},{"ancestorTitles":["ModuleRegistry","Event System"],"fullName":"ModuleRegistry Event System should remove event listeners","status":"passed","title":"should remove event listeners","duration":0.438499999999749,"failureMessages":[],"meta":{}},{"ancestorTitles":["ModuleRegistry","Health Monitoring"],"fullName":"ModuleRegistry Health Monitoring should perform health checks on all modules","status":"passed","title":"should perform health checks on all modules","duration":0.8975000000000364,"failureMessages":[],"meta":{}},{"ancestorTitles":["ModuleRegistry","Health Monitoring"],"fullName":"ModuleRegistry Health Monitoring should emit health check events","status":"passed","title":"should emit health check events","duration":0.4420999999997548,"failureMessages":[],"meta":{}},{"ancestorTitles":["ModuleRegistry","Health Monitoring"],"fullName":"ModuleRegistry Health Monitoring should detect dependency health issues","status":"passed","title":"should detect dependency health issues","duration":0.45269999999982247,"failureMessages":[],"meta":{}},{"ancestorTitles":["ModuleRegistry","Statistics and Performance"],"fullName":"ModuleRegistry Statistics and Performance should provide comprehensive statistics","status":"passed","title":"should provide comprehensive statistics","duration":0.6608999999998559,"failureMessages":[],"meta":{}},{"ancestorTitles":["ModuleRegistry","Statistics and Performance"],"fullName":"ModuleRegistry Statistics and Performance should track memory usage estimates","status":"passed","title":"should track memory usage estimates","duration":0.3739999999997963,"failureMessages":[],"meta":{}},{"ancestorTitles":["ModuleRegistry","Statistics and Performance"],"fullName":"ModuleRegistry Statistics and Performance should track load time performance","status":"passed","title":"should track load time performance","duration":0.29779999999982465,"failureMessages":[],"meta":{}},{"ancestorTitles":["ModuleRegistry","Error Handling and Edge Cases"],"fullName":"ModuleRegistry Error Handling and Edge Cases should handle invalid module configurations gracefully","status":"passed","title":"should handle invalid module configurations gracefully","duration":0.8461000000002059,"failureMessages":[],"meta":{}},{"ancestorTitles":["ModuleRegistry","Error Handling and Edge Cases"],"fullName":"ModuleRegistry Error Handling and Edge Cases should handle non-existent module operations","status":"passed","title":"should handle non-existent module operations","duration":0.5243999999997868,"failureMessages":[],"meta":{}},{"ancestorTitles":["ModuleRegistry","Error Handling and Edge Cases"],"fullName":"ModuleRegistry Error Handling and Edge Cases should handle complex dependency chains","status":"passed","title":"should handle complex dependency chains","duration":0.6370999999999185,"failureMessages":[],"meta":{}},{"ancestorTitles":["ModuleRegistry","Error Handling and Edge Cases"],"fullName":"ModuleRegistry Error Handling and Edge Cases should handle module registration errors","status":"passed","title":"should handle module registration errors","duration":0.5221000000001368,"failureMessages":[],"meta":{}},{"ancestorTitles":["ModuleRegistry","Integration with Feature Flags"],"fullName":"ModuleRegistry Integration with Feature Flags should respect feature flag changes","status":"failed","title":"should respect feature flag changes","duration":7.425299999999879,"failureMessages":["TypeError: isFeatureEnabled.mockReturnValue is not a function\n    at C:\\Users\\prabh\\OneDrive\\Desktop\\geminicoder\\__tests__\\modules\\ModuleRegistry.test.ts:524:24\n    at processTicksAndRejections (node:internal/process/task_queues:95:5)\n    at file:///C:/Users/prabh/OneDrive/Desktop/geminicoder/node_modules/@vitest/runner/dist/index.js:529:5\n    at runTest (file:///C:/Users/prabh/OneDrive/Desktop/geminicoder/node_modules/@vitest/runner/dist/index.js:982:11)\n    at runSuite (file:///C:/Users/prabh/OneDrive/Desktop/geminicoder/node_modules/@vitest/runner/dist/index.js:1131:15)\n    at runSuite (file:///C:/Users/prabh/OneDrive/Desktop/geminicoder/node_modules/@vitest/runner/dist/index.js:1131:15)\n    at runSuite (file:///C:/Users/prabh/OneDrive/Desktop/geminicoder/node_modules/@vitest/runner/dist/index.js:1131:15)\n    at runFiles (file:///C:/Users/prabh/OneDrive/Desktop/geminicoder/node_modules/@vitest/runner/dist/index.js:1188:5)\n    at startTests (file:///C:/Users/prabh/OneDrive/Desktop/geminicoder/node_modules/@vitest/runner/dist/index.js:1197:3)\n    at file:///C:/Users/prabh/OneDrive/Desktop/geminicoder/node_modules/vitest/dist/chunks/runBaseTests.9YDrdSI4.js:130:11"],"meta":{}},{"ancestorTitles":["ModuleRegistry","Integration with Feature Flags"],"fullName":"ModuleRegistry Integration with Feature Flags should handle optional features correctly","status":"passed","title":"should handle optional features correctly","duration":5.159400000000005,"failureMessages":[],"meta":{}},{"ancestorTitles":["ModuleRegistry","Performance Benchmarks"],"fullName":"ModuleRegistry Performance Benchmarks should register modules efficiently","status":"passed","title":"should register modules efficiently","duration":3.183600000000297,"failureMessages":[],"meta":{}},{"ancestorTitles":["ModuleRegistry","Performance Benchmarks"],"fullName":"ModuleRegistry Performance Benchmarks should query modules efficiently","status":"passed","title":"should query modules efficiently","duration":4.333700000000135,"failureMessages":[],"meta":{}},{"ancestorTitles":["ModuleRegistry","Performance Benchmarks"],"fullName":"ModuleRegistry Performance Benchmarks should handle health checks efficiently","status":"passed","title":"should handle health checks efficiently","duration":2.272899999999936,"failureMessages":[],"meta":{}}],"startTime":1751345125160,"endTime":1751345125227.273,"status":"failed","message":"","name":"C:/Users/prabh/OneDrive/Desktop/geminicoder/__tests__/modules/ModuleRegistry.test.ts"},{"assertionResults":[],"startTime":1751345122376,"endTime":1751345122376,"status":"failed","message":"Transform failed with 1 error:\nC:/Users/prabh/OneDrive/Desktop/geminicoder/__tests__/simple/Phase1Validation.test.ts:227:29: ERROR: \"await\" can only be used inside an \"async\" function","name":"C:/Users/prabh/OneDrive/Desktop/geminicoder/__tests__/simple/Phase1Validation.test.ts"},{"assertionResults":[{"ancestorTitles":["BaseService","Initialization and Connection Management"],"fullName":"BaseService Initialization and Connection Management should initialize Prisma client successfully","status":"failed","title":"should initialize Prisma client successfully","duration":48.63909999999987,"failureMessages":["TypeError: getPrismaClient.mockResolvedValue is not a function\n    at C:\\Users\\prabh\\OneDrive\\Desktop\\geminicoder\\__tests__\\services\\BaseService.test.ts:117:21\n    at processTicksAndRejections (node:internal/process/task_queues:95:5)\n    at callSuiteHook (file:///C:/Users/prabh/OneDrive/Desktop/geminicoder/node_modules/@vitest/runner/dist/index.js:890:22)\n    at callSuiteHook (file:///C:/Users/prabh/OneDrive/Desktop/geminicoder/node_modules/@vitest/runner/dist/index.js:879:10)\n    at runTest (file:///C:/Users/prabh/OneDrive/Desktop/geminicoder/node_modules/@vitest/runner/dist/index.js:966:30)\n    at runSuite (file:///C:/Users/prabh/OneDrive/Desktop/geminicoder/node_modules/@vitest/runner/dist/index.js:1131:15)\n    at runSuite (file:///C:/Users/prabh/OneDrive/Desktop/geminicoder/node_modules/@vitest/runner/dist/index.js:1131:15)\n    at runSuite (file:///C:/Users/prabh/OneDrive/Desktop/geminicoder/node_modules/@vitest/runner/dist/index.js:1131:15)\n    at runFiles (file:///C:/Users/prabh/OneDrive/Desktop/geminicoder/node_modules/@vitest/runner/dist/index.js:1188:5)\n    at startTests (file:///C:/Users/prabh/OneDrive/Desktop/geminicoder/node_modules/@vitest/runner/dist/index.js:1197:3)"],"meta":{}},{"ancestorTitles":["BaseService","Initialization and Connection Management"],"fullName":"BaseService Initialization and Connection Management should handle database connection failure","status":"failed","title":"should handle database connection failure","duration":6.09940000000006,"failureMessages":["TypeError: getPrismaClient.mockResolvedValue is not a function\n    at C:\\Users\\prabh\\OneDrive\\Desktop\\geminicoder\\__tests__\\services\\BaseService.test.ts:117:21\n    at processTicksAndRejections (node:internal/process/task_queues:95:5)\n    at callSuiteHook (file:///C:/Users/prabh/OneDrive/Desktop/geminicoder/node_modules/@vitest/runner/dist/index.js:890:22)\n    at callSuiteHook (file:///C:/Users/prabh/OneDrive/Desktop/geminicoder/node_modules/@vitest/runner/dist/index.js:879:10)\n    at runTest (file:///C:/Users/prabh/OneDrive/Desktop/geminicoder/node_modules/@vitest/runner/dist/index.js:966:30)\n    at runSuite (file:///C:/Users/prabh/OneDrive/Desktop/geminicoder/node_modules/@vitest/runner/dist/index.js:1131:15)\n    at runSuite (file:///C:/Users/prabh/OneDrive/Desktop/geminicoder/node_modules/@vitest/runner/dist/index.js:1131:15)\n    at runSuite (file:///C:/Users/prabh/OneDrive/Desktop/geminicoder/node_modules/@vitest/runner/dist/index.js:1131:15)\n    at runFiles (file:///C:/Users/prabh/OneDrive/Desktop/geminicoder/node_modules/@vitest/runner/dist/index.js:1188:5)\n    at startTests (file:///C:/Users/prabh/OneDrive/Desktop/geminicoder/node_modules/@vitest/runner/dist/index.js:1197:3)"],"meta":{}},{"ancestorTitles":["BaseService","Initialization and Connection Management"],"fullName":"BaseService Initialization and Connection Management should reuse existing Prisma client instance","status":"failed","title":"should reuse existing Prisma client instance","duration":6.357300000000123,"failureMessages":["TypeError: getPrismaClient.mockResolvedValue is not a function\n    at C:\\Users\\prabh\\OneDrive\\Desktop\\geminicoder\\__tests__\\services\\BaseService.test.ts:117:21\n    at processTicksAndRejections (node:internal/process/task_queues:95:5)\n    at callSuiteHook (file:///C:/Users/prabh/OneDrive/Desktop/geminicoder/node_modules/@vitest/runner/dist/index.js:890:22)\n    at callSuiteHook (file:///C:/Users/prabh/OneDrive/Desktop/geminicoder/node_modules/@vitest/runner/dist/index.js:879:10)\n    at runTest (file:///C:/Users/prabh/OneDrive/Desktop/geminicoder/node_modules/@vitest/runner/dist/index.js:966:30)\n    at runSuite (file:///C:/Users/prabh/OneDrive/Desktop/geminicoder/node_modules/@vitest/runner/dist/index.js:1131:15)\n    at runSuite (file:///C:/Users/prabh/OneDrive/Desktop/geminicoder/node_modules/@vitest/runner/dist/index.js:1131:15)\n    at runSuite (file:///C:/Users/prabh/OneDrive/Desktop/geminicoder/node_modules/@vitest/runner/dist/index.js:1131:15)\n    at runFiles (file:///C:/Users/prabh/OneDrive/Desktop/geminicoder/node_modules/@vitest/runner/dist/index.js:1188:5)\n    at startTests (file:///C:/Users/prabh/OneDrive/Desktop/geminicoder/node_modules/@vitest/runner/dist/index.js:1197:3)"],"meta":{}},{"ancestorTitles":["BaseService","Error Handling"],"fullName":"BaseService Error Handling should handle unique constraint violation (P2002)","status":"failed","title":"should handle unique constraint violation (P2002)","duration":22.81780000000026,"failureMessages":["TypeError: getPrismaClient.mockResolvedValue is not a function\n    at C:\\Users\\prabh\\OneDrive\\Desktop\\geminicoder\\__tests__\\services\\BaseService.test.ts:117:21\n    at processTicksAndRejections (node:internal/process/task_queues:95:5)\n    at callSuiteHook (file:///C:/Users/prabh/OneDrive/Desktop/geminicoder/node_modules/@vitest/runner/dist/index.js:890:22)\n    at callSuiteHook (file:///C:/Users/prabh/OneDrive/Desktop/geminicoder/node_modules/@vitest/runner/dist/index.js:879:10)\n    at runTest (file:///C:/Users/prabh/OneDrive/Desktop/geminicoder/node_modules/@vitest/runner/dist/index.js:966:30)\n    at runSuite (file:///C:/Users/prabh/OneDrive/Desktop/geminicoder/node_modules/@vitest/runner/dist/index.js:1131:15)\n    at runSuite (file:///C:/Users/prabh/OneDrive/Desktop/geminicoder/node_modules/@vitest/runner/dist/index.js:1131:15)\n    at runSuite (file:///C:/Users/prabh/OneDrive/Desktop/geminicoder/node_modules/@vitest/runner/dist/index.js:1131:15)\n    at runFiles (file:///C:/Users/prabh/OneDrive/Desktop/geminicoder/node_modules/@vitest/runner/dist/index.js:1188:5)\n    at startTests (file:///C:/Users/prabh/OneDrive/Desktop/geminicoder/node_modules/@vitest/runner/dist/index.js:1197:3)"],"meta":{}},{"ancestorTitles":["BaseService","Error Handling"],"fullName":"BaseService Error Handling should handle record not found (P2025)","status":"failed","title":"should handle record not found (P2025)","duration":4.602100000000064,"failureMessages":["TypeError: getPrismaClient.mockResolvedValue is not a function\n    at C:\\Users\\prabh\\OneDrive\\Desktop\\geminicoder\\__tests__\\services\\BaseService.test.ts:117:21\n    at processTicksAndRejections (node:internal/process/task_queues:95:5)\n    at callSuiteHook (file:///C:/Users/prabh/OneDrive/Desktop/geminicoder/node_modules/@vitest/runner/dist/index.js:890:22)\n    at callSuiteHook (file:///C:/Users/prabh/OneDrive/Desktop/geminicoder/node_modules/@vitest/runner/dist/index.js:879:10)\n    at runTest (file:///C:/Users/prabh/OneDrive/Desktop/geminicoder/node_modules/@vitest/runner/dist/index.js:966:30)\n    at runSuite (file:///C:/Users/prabh/OneDrive/Desktop/geminicoder/node_modules/@vitest/runner/dist/index.js:1131:15)\n    at runSuite (file:///C:/Users/prabh/OneDrive/Desktop/geminicoder/node_modules/@vitest/runner/dist/index.js:1131:15)\n    at runSuite (file:///C:/Users/prabh/OneDrive/Desktop/geminicoder/node_modules/@vitest/runner/dist/index.js:1131:15)\n    at runFiles (file:///C:/Users/prabh/OneDrive/Desktop/geminicoder/node_modules/@vitest/runner/dist/index.js:1188:5)\n    at startTests (file:///C:/Users/prabh/OneDrive/Desktop/geminicoder/node_modules/@vitest/runner/dist/index.js:1197:3)"],"meta":{}},{"ancestorTitles":["BaseService","Error Handling"],"fullName":"BaseService Error Handling should handle foreign key constraint violation (P2003)","status":"failed","title":"should handle foreign key constraint violation (P2003)","duration":5.009700000000066,"failureMessages":["TypeError: getPrismaClient.mockResolvedValue is not a function\n    at C:\\Users\\prabh\\OneDrive\\Desktop\\geminicoder\\__tests__\\services\\BaseService.test.ts:117:21\n    at processTicksAndRejections (node:internal/process/task_queues:95:5)\n    at callSuiteHook (file:///C:/Users/prabh/OneDrive/Desktop/geminicoder/node_modules/@vitest/runner/dist/index.js:890:22)\n    at callSuiteHook (file:///C:/Users/prabh/OneDrive/Desktop/geminicoder/node_modules/@vitest/runner/dist/index.js:879:10)\n    at runTest (file:///C:/Users/prabh/OneDrive/Desktop/geminicoder/node_modules/@vitest/runner/dist/index.js:966:30)\n    at runSuite (file:///C:/Users/prabh/OneDrive/Desktop/geminicoder/node_modules/@vitest/runner/dist/index.js:1131:15)\n    at runSuite (file:///C:/Users/prabh/OneDrive/Desktop/geminicoder/node_modules/@vitest/runner/dist/index.js:1131:15)\n    at runSuite (file:///C:/Users/prabh/OneDrive/Desktop/geminicoder/node_modules/@vitest/runner/dist/index.js:1131:15)\n    at runFiles (file:///C:/Users/prabh/OneDrive/Desktop/geminicoder/node_modules/@vitest/runner/dist/index.js:1188:5)\n    at startTests (file:///C:/Users/prabh/OneDrive/Desktop/geminicoder/node_modules/@vitest/runner/dist/index.js:1197:3)"],"meta":{}},{"ancestorTitles":["BaseService","Error Handling"],"fullName":"BaseService Error Handling should handle generic errors","status":"failed","title":"should handle generic errors","duration":3.7579000000000633,"failureMessages":["TypeError: getPrismaClient.mockResolvedValue is not a function\n    at C:\\Users\\prabh\\OneDrive\\Desktop\\geminicoder\\__tests__\\services\\BaseService.test.ts:117:21\n    at processTicksAndRejections (node:internal/process/task_queues:95:5)\n    at callSuiteHook (file:///C:/Users/prabh/OneDrive/Desktop/geminicoder/node_modules/@vitest/runner/dist/index.js:890:22)\n    at callSuiteHook (file:///C:/Users/prabh/OneDrive/Desktop/geminicoder/node_modules/@vitest/runner/dist/index.js:879:10)\n    at runTest (file:///C:/Users/prabh/OneDrive/Desktop/geminicoder/node_modules/@vitest/runner/dist/index.js:966:30)\n    at runSuite (file:///C:/Users/prabh/OneDrive/Desktop/geminicoder/node_modules/@vitest/runner/dist/index.js:1131:15)\n    at runSuite (file:///C:/Users/prabh/OneDrive/Desktop/geminicoder/node_modules/@vitest/runner/dist/index.js:1131:15)\n    at runSuite (file:///C:/Users/prabh/OneDrive/Desktop/geminicoder/node_modules/@vitest/runner/dist/index.js:1131:15)\n    at runFiles (file:///C:/Users/prabh/OneDrive/Desktop/geminicoder/node_modules/@vitest/runner/dist/index.js:1188:5)\n    at startTests (file:///C:/Users/prabh/OneDrive/Desktop/geminicoder/node_modules/@vitest/runner/dist/index.js:1197:3)"],"meta":{}},{"ancestorTitles":["BaseService","Error Handling"],"fullName":"BaseService Error Handling should include context in error metadata","status":"failed","title":"should include context in error metadata","duration":12.810599999999795,"failureMessages":["TypeError: getPrismaClient.mockResolvedValue is not a function\n    at C:\\Users\\prabh\\OneDrive\\Desktop\\geminicoder\\__tests__\\services\\BaseService.test.ts:117:21\n    at processTicksAndRejections (node:internal/process/task_queues:95:5)\n    at callSuiteHook (file:///C:/Users/prabh/OneDrive/Desktop/geminicoder/node_modules/@vitest/runner/dist/index.js:890:22)\n    at callSuiteHook (file:///C:/Users/prabh/OneDrive/Desktop/geminicoder/node_modules/@vitest/runner/dist/index.js:879:10)\n    at runTest (file:///C:/Users/prabh/OneDrive/Desktop/geminicoder/node_modules/@vitest/runner/dist/index.js:966:30)\n    at runSuite (file:///C:/Users/prabh/OneDrive/Desktop/geminicoder/node_modules/@vitest/runner/dist/index.js:1131:15)\n    at runSuite (file:///C:/Users/prabh/OneDrive/Desktop/geminicoder/node_modules/@vitest/runner/dist/index.js:1131:15)\n    at runSuite (file:///C:/Users/prabh/OneDrive/Desktop/geminicoder/node_modules/@vitest/runner/dist/index.js:1131:15)\n    at runFiles (file:///C:/Users/prabh/OneDrive/Desktop/geminicoder/node_modules/@vitest/runner/dist/index.js:1188:5)\n    at startTests (file:///C:/Users/prabh/OneDrive/Desktop/geminicoder/node_modules/@vitest/runner/dist/index.js:1197:3)"],"meta":{}},{"ancestorTitles":["BaseService","Success Response Handling"],"fullName":"BaseService Success Response Handling should create successful response with data","status":"failed","title":"should create successful response with data","duration":5.7323999999998705,"failureMessages":["TypeError: getPrismaClient.mockResolvedValue is not a function\n    at C:\\Users\\prabh\\OneDrive\\Desktop\\geminicoder\\__tests__\\services\\BaseService.test.ts:117:21\n    at processTicksAndRejections (node:internal/process/task_queues:95:5)\n    at callSuiteHook (file:///C:/Users/prabh/OneDrive/Desktop/geminicoder/node_modules/@vitest/runner/dist/index.js:890:22)\n    at callSuiteHook (file:///C:/Users/prabh/OneDrive/Desktop/geminicoder/node_modules/@vitest/runner/dist/index.js:879:10)\n    at runTest (file:///C:/Users/prabh/OneDrive/Desktop/geminicoder/node_modules/@vitest/runner/dist/index.js:966:30)\n    at runSuite (file:///C:/Users/prabh/OneDrive/Desktop/geminicoder/node_modules/@vitest/runner/dist/index.js:1131:15)\n    at runSuite (file:///C:/Users/prabh/OneDrive/Desktop/geminicoder/node_modules/@vitest/runner/dist/index.js:1131:15)\n    at runSuite (file:///C:/Users/prabh/OneDrive/Desktop/geminicoder/node_modules/@vitest/runner/dist/index.js:1131:15)\n    at runFiles (file:///C:/Users/prabh/OneDrive/Desktop/geminicoder/node_modules/@vitest/runner/dist/index.js:1188:5)\n    at startTests (file:///C:/Users/prabh/OneDrive/Desktop/geminicoder/node_modules/@vitest/runner/dist/index.js:1197:3)"],"meta":{}},{"ancestorTitles":["BaseService","Success Response Handling"],"fullName":"BaseService Success Response Handling should include metadata in successful responses","status":"failed","title":"should include metadata in successful responses","duration":15.551300000000083,"failureMessages":["TypeError: getPrismaClient.mockResolvedValue is not a function\n    at C:\\Users\\prabh\\OneDrive\\Desktop\\geminicoder\\__tests__\\services\\BaseService.test.ts:117:21\n    at processTicksAndRejections (node:internal/process/task_queues:95:5)\n    at callSuiteHook (file:///C:/Users/prabh/OneDrive/Desktop/geminicoder/node_modules/@vitest/runner/dist/index.js:890:22)\n    at callSuiteHook (file:///C:/Users/prabh/OneDrive/Desktop/geminicoder/node_modules/@vitest/runner/dist/index.js:879:10)\n    at runTest (file:///C:/Users/prabh/OneDrive/Desktop/geminicoder/node_modules/@vitest/runner/dist/index.js:966:30)\n    at runSuite (file:///C:/Users/prabh/OneDrive/Desktop/geminicoder/node_modules/@vitest/runner/dist/index.js:1131:15)\n    at runSuite (file:///C:/Users/prabh/OneDrive/Desktop/geminicoder/node_modules/@vitest/runner/dist/index.js:1131:15)\n    at runSuite (file:///C:/Users/prabh/OneDrive/Desktop/geminicoder/node_modules/@vitest/runner/dist/index.js:1131:15)\n    at runFiles (file:///C:/Users/prabh/OneDrive/Desktop/geminicoder/node_modules/@vitest/runner/dist/index.js:1188:5)\n    at startTests (file:///C:/Users/prabh/OneDrive/Desktop/geminicoder/node_modules/@vitest/runner/dist/index.js:1197:3)"],"meta":{}},{"ancestorTitles":["BaseService","Pagination Utilities"],"fullName":"BaseService Pagination Utilities should validate and apply default pagination options","status":"failed","title":"should validate and apply default pagination options","duration":10.02619999999979,"failureMessages":["TypeError: getPrismaClient.mockResolvedValue is not a function\n    at C:\\Users\\prabh\\OneDrive\\Desktop\\geminicoder\\__tests__\\services\\BaseService.test.ts:117:21\n    at processTicksAndRejections (node:internal/process/task_queues:95:5)\n    at callSuiteHook (file:///C:/Users/prabh/OneDrive/Desktop/geminicoder/node_modules/@vitest/runner/dist/index.js:890:22)\n    at callSuiteHook (file:///C:/Users/prabh/OneDrive/Desktop/geminicoder/node_modules/@vitest/runner/dist/index.js:879:10)\n    at runTest (file:///C:/Users/prabh/OneDrive/Desktop/geminicoder/node_modules/@vitest/runner/dist/index.js:966:30)\n    at runSuite (file:///C:/Users/prabh/OneDrive/Desktop/geminicoder/node_modules/@vitest/runner/dist/index.js:1131:15)\n    at runSuite (file:///C:/Users/prabh/OneDrive/Desktop/geminicoder/node_modules/@vitest/runner/dist/index.js:1131:15)\n    at runSuite (file:///C:/Users/prabh/OneDrive/Desktop/geminicoder/node_modules/@vitest/runner/dist/index.js:1131:15)\n    at runFiles (file:///C:/Users/prabh/OneDrive/Desktop/geminicoder/node_modules/@vitest/runner/dist/index.js:1188:5)\n    at startTests (file:///C:/Users/prabh/OneDrive/Desktop/geminicoder/node_modules/@vitest/runner/dist/index.js:1197:3)"],"meta":{}},{"ancestorTitles":["BaseService","Pagination Utilities"],"fullName":"BaseService Pagination Utilities should validate pagination options with custom values","status":"failed","title":"should validate pagination options with custom values","duration":14.002599999999802,"failureMessages":["TypeError: getPrismaClient.mockResolvedValue is not a function\n    at C:\\Users\\prabh\\OneDrive\\Desktop\\geminicoder\\__tests__\\services\\BaseService.test.ts:117:21\n    at processTicksAndRejections (node:internal/process/task_queues:95:5)\n    at callSuiteHook (file:///C:/Users/prabh/OneDrive/Desktop/geminicoder/node_modules/@vitest/runner/dist/index.js:890:22)\n    at callSuiteHook (file:///C:/Users/prabh/OneDrive/Desktop/geminicoder/node_modules/@vitest/runner/dist/index.js:879:10)\n    at runTest (file:///C:/Users/prabh/OneDrive/Desktop/geminicoder/node_modules/@vitest/runner/dist/index.js:966:30)\n    at runSuite (file:///C:/Users/prabh/OneDrive/Desktop/geminicoder/node_modules/@vitest/runner/dist/index.js:1131:15)\n    at runSuite (file:///C:/Users/prabh/OneDrive/Desktop/geminicoder/node_modules/@vitest/runner/dist/index.js:1131:15)\n    at runSuite (file:///C:/Users/prabh/OneDrive/Desktop/geminicoder/node_modules/@vitest/runner/dist/index.js:1131:15)\n    at runFiles (file:///C:/Users/prabh/OneDrive/Desktop/geminicoder/node_modules/@vitest/runner/dist/index.js:1188:5)\n    at startTests (file:///C:/Users/prabh/OneDrive/Desktop/geminicoder/node_modules/@vitest/runner/dist/index.js:1197:3)"],"meta":{}},{"ancestorTitles":["BaseService","Pagination Utilities"],"fullName":"BaseService Pagination Utilities should enforce maximum limit of 100","status":"failed","title":"should enforce maximum limit of 100","duration":4.6163000000001375,"failureMessages":["TypeError: getPrismaClient.mockResolvedValue is not a function\n    at C:\\Users\\prabh\\OneDrive\\Desktop\\geminicoder\\__tests__\\services\\BaseService.test.ts:117:21\n    at processTicksAndRejections (node:internal/process/task_queues:95:5)\n    at callSuiteHook (file:///C:/Users/prabh/OneDrive/Desktop/geminicoder/node_modules/@vitest/runner/dist/index.js:890:22)\n    at callSuiteHook (file:///C:/Users/prabh/OneDrive/Desktop/geminicoder/node_modules/@vitest/runner/dist/index.js:879:10)\n    at runTest (file:///C:/Users/prabh/OneDrive/Desktop/geminicoder/node_modules/@vitest/runner/dist/index.js:966:30)\n    at runSuite (file:///C:/Users/prabh/OneDrive/Desktop/geminicoder/node_modules/@vitest/runner/dist/index.js:1131:15)\n    at runSuite (file:///C:/Users/prabh/OneDrive/Desktop/geminicoder/node_modules/@vitest/runner/dist/index.js:1131:15)\n    at runSuite (file:///C:/Users/prabh/OneDrive/Desktop/geminicoder/node_modules/@vitest/runner/dist/index.js:1131:15)\n    at runFiles (file:///C:/Users/prabh/OneDrive/Desktop/geminicoder/node_modules/@vitest/runner/dist/index.js:1188:5)\n    at startTests (file:///C:/Users/prabh/OneDrive/Desktop/geminicoder/node_modules/@vitest/runner/dist/index.js:1197:3)"],"meta":{}},{"ancestorTitles":["BaseService","Pagination Utilities"],"fullName":"BaseService Pagination Utilities should enforce minimum page of 1","status":"failed","title":"should enforce minimum page of 1","duration":3.601100000000315,"failureMessages":["TypeError: getPrismaClient.mockResolvedValue is not a function\n    at C:\\Users\\prabh\\OneDrive\\Desktop\\geminicoder\\__tests__\\services\\BaseService.test.ts:117:21\n    at processTicksAndRejections (node:internal/process/task_queues:95:5)\n    at callSuiteHook (file:///C:/Users/prabh/OneDrive/Desktop/geminicoder/node_modules/@vitest/runner/dist/index.js:890:22)\n    at callSuiteHook (file:///C:/Users/prabh/OneDrive/Desktop/geminicoder/node_modules/@vitest/runner/dist/index.js:879:10)\n    at runTest (file:///C:/Users/prabh/OneDrive/Desktop/geminicoder/node_modules/@vitest/runner/dist/index.js:966:30)\n    at runSuite (file:///C:/Users/prabh/OneDrive/Desktop/geminicoder/node_modules/@vitest/runner/dist/index.js:1131:15)\n    at runSuite (file:///C:/Users/prabh/OneDrive/Desktop/geminicoder/node_modules/@vitest/runner/dist/index.js:1131:15)\n    at runSuite (file:///C:/Users/prabh/OneDrive/Desktop/geminicoder/node_modules/@vitest/runner/dist/index.js:1131:15)\n    at runFiles (file:///C:/Users/prabh/OneDrive/Desktop/geminicoder/node_modules/@vitest/runner/dist/index.js:1188:5)\n    at startTests (file:///C:/Users/prabh/OneDrive/Desktop/geminicoder/node_modules/@vitest/runner/dist/index.js:1197:3)"],"meta":{}},{"ancestorTitles":["BaseService","Pagination Utilities"],"fullName":"BaseService Pagination Utilities should build correct pagination metadata","status":"failed","title":"should build correct pagination metadata","duration":3.8259000000002743,"failureMessages":["TypeError: getPrismaClient.mockResolvedValue is not a function\n    at C:\\Users\\prabh\\OneDrive\\Desktop\\geminicoder\\__tests__\\services\\BaseService.test.ts:117:21\n    at processTicksAndRejections (node:internal/process/task_queues:95:5)\n    at callSuiteHook (file:///C:/Users/prabh/OneDrive/Desktop/geminicoder/node_modules/@vitest/runner/dist/index.js:890:22)\n    at callSuiteHook (file:///C:/Users/prabh/OneDrive/Desktop/geminicoder/node_modules/@vitest/runner/dist/index.js:879:10)\n    at runTest (file:///C:/Users/prabh/OneDrive/Desktop/geminicoder/node_modules/@vitest/runner/dist/index.js:966:30)\n    at runSuite (file:///C:/Users/prabh/OneDrive/Desktop/geminicoder/node_modules/@vitest/runner/dist/index.js:1131:15)\n    at runSuite (file:///C:/Users/prabh/OneDrive/Desktop/geminicoder/node_modules/@vitest/runner/dist/index.js:1131:15)\n    at runSuite (file:///C:/Users/prabh/OneDrive/Desktop/geminicoder/node_modules/@vitest/runner/dist/index.js:1131:15)\n    at runFiles (file:///C:/Users/prabh/OneDrive/Desktop/geminicoder/node_modules/@vitest/runner/dist/index.js:1188:5)\n    at startTests (file:///C:/Users/prabh/OneDrive/Desktop/geminicoder/node_modules/@vitest/runner/dist/index.js:1197:3)"],"meta":{}},{"ancestorTitles":["BaseService","Input Sanitization"],"fullName":"BaseService Input Sanitization should sanitize string inputs","status":"failed","title":"should sanitize string inputs","duration":4.95470000000023,"failureMessages":["TypeError: getPrismaClient.mockResolvedValue is not a function\n    at C:\\Users\\prabh\\OneDrive\\Desktop\\geminicoder\\__tests__\\services\\BaseService.test.ts:117:21\n    at processTicksAndRejections (node:internal/process/task_queues:95:5)\n    at callSuiteHook (file:///C:/Users/prabh/OneDrive/Desktop/geminicoder/node_modules/@vitest/runner/dist/index.js:890:22)\n    at callSuiteHook (file:///C:/Users/prabh/OneDrive/Desktop/geminicoder/node_modules/@vitest/runner/dist/index.js:879:10)\n    at runTest (file:///C:/Users/prabh/OneDrive/Desktop/geminicoder/node_modules/@vitest/runner/dist/index.js:966:30)\n    at runSuite (file:///C:/Users/prabh/OneDrive/Desktop/geminicoder/node_modules/@vitest/runner/dist/index.js:1131:15)\n    at runSuite (file:///C:/Users/prabh/OneDrive/Desktop/geminicoder/node_modules/@vitest/runner/dist/index.js:1131:15)\n    at runSuite (file:///C:/Users/prabh/OneDrive/Desktop/geminicoder/node_modules/@vitest/runner/dist/index.js:1131:15)\n    at runFiles (file:///C:/Users/prabh/OneDrive/Desktop/geminicoder/node_modules/@vitest/runner/dist/index.js:1188:5)\n    at startTests (file:///C:/Users/prabh/OneDrive/Desktop/geminicoder/node_modules/@vitest/runner/dist/index.js:1197:3)"],"meta":{}},{"ancestorTitles":["BaseService","Input Sanitization"],"fullName":"BaseService Input Sanitization should sanitize object inputs recursively","status":"failed","title":"should sanitize object inputs recursively","duration":5.528699999999844,"failureMessages":["TypeError: getPrismaClient.mockResolvedValue is not a function\n    at C:\\Users\\prabh\\OneDrive\\Desktop\\geminicoder\\__tests__\\services\\BaseService.test.ts:117:21\n    at processTicksAndRejections (node:internal/process/task_queues:95:5)\n    at callSuiteHook (file:///C:/Users/prabh/OneDrive/Desktop/geminicoder/node_modules/@vitest/runner/dist/index.js:890:22)\n    at callSuiteHook (file:///C:/Users/prabh/OneDrive/Desktop/geminicoder/node_modules/@vitest/runner/dist/index.js:879:10)\n    at runTest (file:///C:/Users/prabh/OneDrive/Desktop/geminicoder/node_modules/@vitest/runner/dist/index.js:966:30)\n    at runSuite (file:///C:/Users/prabh/OneDrive/Desktop/geminicoder/node_modules/@vitest/runner/dist/index.js:1131:15)\n    at runSuite (file:///C:/Users/prabh/OneDrive/Desktop/geminicoder/node_modules/@vitest/runner/dist/index.js:1131:15)\n    at runSuite (file:///C:/Users/prabh/OneDrive/Desktop/geminicoder/node_modules/@vitest/runner/dist/index.js:1131:15)\n    at runFiles (file:///C:/Users/prabh/OneDrive/Desktop/geminicoder/node_modules/@vitest/runner/dist/index.js:1188:5)\n    at startTests (file:///C:/Users/prabh/OneDrive/Desktop/geminicoder/node_modules/@vitest/runner/dist/index.js:1197:3)"],"meta":{}},{"ancestorTitles":["BaseService","Input Sanitization"],"fullName":"BaseService Input Sanitization should filter out dangerous keys","status":"failed","title":"should filter out dangerous keys","duration":3.922700000000077,"failureMessages":["TypeError: getPrismaClient.mockResolvedValue is not a function\n    at C:\\Users\\prabh\\OneDrive\\Desktop\\geminicoder\\__tests__\\services\\BaseService.test.ts:117:21\n    at processTicksAndRejections (node:internal/process/task_queues:95:5)\n    at callSuiteHook (file:///C:/Users/prabh/OneDrive/Desktop/geminicoder/node_modules/@vitest/runner/dist/index.js:890:22)\n    at callSuiteHook (file:///C:/Users/prabh/OneDrive/Desktop/geminicoder/node_modules/@vitest/runner/dist/index.js:879:10)\n    at runTest (file:///C:/Users/prabh/OneDrive/Desktop/geminicoder/node_modules/@vitest/runner/dist/index.js:966:30)\n    at runSuite (file:///C:/Users/prabh/OneDrive/Desktop/geminicoder/node_modules/@vitest/runner/dist/index.js:1131:15)\n    at runSuite (file:///C:/Users/prabh/OneDrive/Desktop/geminicoder/node_modules/@vitest/runner/dist/index.js:1131:15)\n    at runSuite (file:///C:/Users/prabh/OneDrive/Desktop/geminicoder/node_modules/@vitest/runner/dist/index.js:1131:15)\n    at runFiles (file:///C:/Users/prabh/OneDrive/Desktop/geminicoder/node_modules/@vitest/runner/dist/index.js:1188:5)\n    at startTests (file:///C:/Users/prabh/OneDrive/Desktop/geminicoder/node_modules/@vitest/runner/dist/index.js:1197:3)"],"meta":{}},{"ancestorTitles":["BaseService","Field Validation"],"fullName":"BaseService Field Validation should validate required fields","status":"failed","title":"should validate required fields","duration":4.407999999999902,"failureMessages":["TypeError: getPrismaClient.mockResolvedValue is not a function\n    at C:\\Users\\prabh\\OneDrive\\Desktop\\geminicoder\\__tests__\\services\\BaseService.test.ts:117:21\n    at processTicksAndRejections (node:internal/process/task_queues:95:5)\n    at callSuiteHook (file:///C:/Users/prabh/OneDrive/Desktop/geminicoder/node_modules/@vitest/runner/dist/index.js:890:22)\n    at callSuiteHook (file:///C:/Users/prabh/OneDrive/Desktop/geminicoder/node_modules/@vitest/runner/dist/index.js:879:10)\n    at runTest (file:///C:/Users/prabh/OneDrive/Desktop/geminicoder/node_modules/@vitest/runner/dist/index.js:966:30)\n    at runSuite (file:///C:/Users/prabh/OneDrive/Desktop/geminicoder/node_modules/@vitest/runner/dist/index.js:1131:15)\n    at runSuite (file:///C:/Users/prabh/OneDrive/Desktop/geminicoder/node_modules/@vitest/runner/dist/index.js:1131:15)\n    at runSuite (file:///C:/Users/prabh/OneDrive/Desktop/geminicoder/node_modules/@vitest/runner/dist/index.js:1131:15)\n    at runFiles (file:///C:/Users/prabh/OneDrive/Desktop/geminicoder/node_modules/@vitest/runner/dist/index.js:1188:5)\n    at startTests (file:///C:/Users/prabh/OneDrive/Desktop/geminicoder/node_modules/@vitest/runner/dist/index.js:1197:3)"],"meta":{}},{"ancestorTitles":["BaseService","Health Checks"],"fullName":"BaseService Health Checks should return healthy status when database is available","status":"failed","title":"should return healthy status when database is available","duration":4.756800000000112,"failureMessages":["TypeError: getPrismaClient.mockResolvedValue is not a function\n    at C:\\Users\\prabh\\OneDrive\\Desktop\\geminicoder\\__tests__\\services\\BaseService.test.ts:117:21\n    at processTicksAndRejections (node:internal/process/task_queues:95:5)\n    at callSuiteHook (file:///C:/Users/prabh/OneDrive/Desktop/geminicoder/node_modules/@vitest/runner/dist/index.js:890:22)\n    at callSuiteHook (file:///C:/Users/prabh/OneDrive/Desktop/geminicoder/node_modules/@vitest/runner/dist/index.js:879:10)\n    at runTest (file:///C:/Users/prabh/OneDrive/Desktop/geminicoder/node_modules/@vitest/runner/dist/index.js:966:30)\n    at runSuite (file:///C:/Users/prabh/OneDrive/Desktop/geminicoder/node_modules/@vitest/runner/dist/index.js:1131:15)\n    at runSuite (file:///C:/Users/prabh/OneDrive/Desktop/geminicoder/node_modules/@vitest/runner/dist/index.js:1131:15)\n    at runSuite (file:///C:/Users/prabh/OneDrive/Desktop/geminicoder/node_modules/@vitest/runner/dist/index.js:1131:15)\n    at runFiles (file:///C:/Users/prabh/OneDrive/Desktop/geminicoder/node_modules/@vitest/runner/dist/index.js:1188:5)\n    at startTests (file:///C:/Users/prabh/OneDrive/Desktop/geminicoder/node_modules/@vitest/runner/dist/index.js:1197:3)"],"meta":{}},{"ancestorTitles":["BaseService","Health Checks"],"fullName":"BaseService Health Checks should return unhealthy status when database is unavailable","status":"failed","title":"should return unhealthy status when database is unavailable","duration":5.028099999999995,"failureMessages":["TypeError: getPrismaClient.mockResolvedValue is not a function\n    at C:\\Users\\prabh\\OneDrive\\Desktop\\geminicoder\\__tests__\\services\\BaseService.test.ts:117:21\n    at processTicksAndRejections (node:internal/process/task_queues:95:5)\n    at callSuiteHook (file:///C:/Users/prabh/OneDrive/Desktop/geminicoder/node_modules/@vitest/runner/dist/index.js:890:22)\n    at callSuiteHook (file:///C:/Users/prabh/OneDrive/Desktop/geminicoder/node_modules/@vitest/runner/dist/index.js:879:10)\n    at runTest (file:///C:/Users/prabh/OneDrive/Desktop/geminicoder/node_modules/@vitest/runner/dist/index.js:966:30)\n    at runSuite (file:///C:/Users/prabh/OneDrive/Desktop/geminicoder/node_modules/@vitest/runner/dist/index.js:1131:15)\n    at runSuite (file:///C:/Users/prabh/OneDrive/Desktop/geminicoder/node_modules/@vitest/runner/dist/index.js:1131:15)\n    at runSuite (file:///C:/Users/prabh/OneDrive/Desktop/geminicoder/node_modules/@vitest/runner/dist/index.js:1131:15)\n    at runFiles (file:///C:/Users/prabh/OneDrive/Desktop/geminicoder/node_modules/@vitest/runner/dist/index.js:1188:5)\n    at startTests (file:///C:/Users/prabh/OneDrive/Desktop/geminicoder/node_modules/@vitest/runner/dist/index.js:1197:3)"],"meta":{}},{"ancestorTitles":["BaseService","Performance Monitoring"],"fullName":"BaseService Performance Monitoring should track operation duration","status":"failed","title":"should track operation duration","duration":4.79760000000033,"failureMessages":["TypeError: getPrismaClient.mockResolvedValue is not a function\n    at C:\\Users\\prabh\\OneDrive\\Desktop\\geminicoder\\__tests__\\services\\BaseService.test.ts:117:21\n    at processTicksAndRejections (node:internal/process/task_queues:95:5)\n    at callSuiteHook (file:///C:/Users/prabh/OneDrive/Desktop/geminicoder/node_modules/@vitest/runner/dist/index.js:890:22)\n    at callSuiteHook (file:///C:/Users/prabh/OneDrive/Desktop/geminicoder/node_modules/@vitest/runner/dist/index.js:879:10)\n    at runTest (file:///C:/Users/prabh/OneDrive/Desktop/geminicoder/node_modules/@vitest/runner/dist/index.js:966:30)\n    at runSuite (file:///C:/Users/prabh/OneDrive/Desktop/geminicoder/node_modules/@vitest/runner/dist/index.js:1131:15)\n    at runSuite (file:///C:/Users/prabh/OneDrive/Desktop/geminicoder/node_modules/@vitest/runner/dist/index.js:1131:15)\n    at runSuite (file:///C:/Users/prabh/OneDrive/Desktop/geminicoder/node_modules/@vitest/runner/dist/index.js:1131:15)\n    at runFiles (file:///C:/Users/prabh/OneDrive/Desktop/geminicoder/node_modules/@vitest/runner/dist/index.js:1188:5)\n    at startTests (file:///C:/Users/prabh/OneDrive/Desktop/geminicoder/node_modules/@vitest/runner/dist/index.js:1197:3)"],"meta":{}},{"ancestorTitles":["BaseService","Performance Monitoring"],"fullName":"BaseService Performance Monitoring should include timestamp in metadata","status":"failed","title":"should include timestamp in metadata","duration":5.060199999999895,"failureMessages":["TypeError: getPrismaClient.mockResolvedValue is not a function\n    at C:\\Users\\prabh\\OneDrive\\Desktop\\geminicoder\\__tests__\\services\\BaseService.test.ts:117:21\n    at processTicksAndRejections (node:internal/process/task_queues:95:5)\n    at callSuiteHook (file:///C:/Users/prabh/OneDrive/Desktop/geminicoder/node_modules/@vitest/runner/dist/index.js:890:22)\n    at callSuiteHook (file:///C:/Users/prabh/OneDrive/Desktop/geminicoder/node_modules/@vitest/runner/dist/index.js:879:10)\n    at runTest (file:///C:/Users/prabh/OneDrive/Desktop/geminicoder/node_modules/@vitest/runner/dist/index.js:966:30)\n    at runSuite (file:///C:/Users/prabh/OneDrive/Desktop/geminicoder/node_modules/@vitest/runner/dist/index.js:1131:15)\n    at runSuite (file:///C:/Users/prabh/OneDrive/Desktop/geminicoder/node_modules/@vitest/runner/dist/index.js:1131:15)\n    at runSuite (file:///C:/Users/prabh/OneDrive/Desktop/geminicoder/node_modules/@vitest/runner/dist/index.js:1131:15)\n    at runFiles (file:///C:/Users/prabh/OneDrive/Desktop/geminicoder/node_modules/@vitest/runner/dist/index.js:1188:5)\n    at startTests (file:///C:/Users/prabh/OneDrive/Desktop/geminicoder/node_modules/@vitest/runner/dist/index.js:1197:3)"],"meta":{}},{"ancestorTitles":["BaseService","Transaction Handling"],"fullName":"BaseService Transaction Handling should execute operations within transactions","status":"failed","title":"should execute operations within transactions","duration":5.666500000000269,"failureMessages":["TypeError: getPrismaClient.mockResolvedValue is not a function\n    at C:\\Users\\prabh\\OneDrive\\Desktop\\geminicoder\\__tests__\\services\\BaseService.test.ts:117:21\n    at processTicksAndRejections (node:internal/process/task_queues:95:5)\n    at callSuiteHook (file:///C:/Users/prabh/OneDrive/Desktop/geminicoder/node_modules/@vitest/runner/dist/index.js:890:22)\n    at callSuiteHook (file:///C:/Users/prabh/OneDrive/Desktop/geminicoder/node_modules/@vitest/runner/dist/index.js:879:10)\n    at runTest (file:///C:/Users/prabh/OneDrive/Desktop/geminicoder/node_modules/@vitest/runner/dist/index.js:966:30)\n    at runSuite (file:///C:/Users/prabh/OneDrive/Desktop/geminicoder/node_modules/@vitest/runner/dist/index.js:1131:15)\n    at runSuite (file:///C:/Users/prabh/OneDrive/Desktop/geminicoder/node_modules/@vitest/runner/dist/index.js:1131:15)\n    at runSuite (file:///C:/Users/prabh/OneDrive/Desktop/geminicoder/node_modules/@vitest/runner/dist/index.js:1131:15)\n    at runFiles (file:///C:/Users/prabh/OneDrive/Desktop/geminicoder/node_modules/@vitest/runner/dist/index.js:1188:5)\n    at startTests (file:///C:/Users/prabh/OneDrive/Desktop/geminicoder/node_modules/@vitest/runner/dist/index.js:1197:3)"],"meta":{}},{"ancestorTitles":["BaseService","Transaction Handling"],"fullName":"BaseService Transaction Handling should handle transaction failures","status":"failed","title":"should handle transaction failures","duration":4.803100000000086,"failureMessages":["TypeError: getPrismaClient.mockResolvedValue is not a function\n    at C:\\Users\\prabh\\OneDrive\\Desktop\\geminicoder\\__tests__\\services\\BaseService.test.ts:117:21\n    at processTicksAndRejections (node:internal/process/task_queues:95:5)\n    at callSuiteHook (file:///C:/Users/prabh/OneDrive/Desktop/geminicoder/node_modules/@vitest/runner/dist/index.js:890:22)\n    at callSuiteHook (file:///C:/Users/prabh/OneDrive/Desktop/geminicoder/node_modules/@vitest/runner/dist/index.js:879:10)\n    at runTest (file:///C:/Users/prabh/OneDrive/Desktop/geminicoder/node_modules/@vitest/runner/dist/index.js:966:30)\n    at runSuite (file:///C:/Users/prabh/OneDrive/Desktop/geminicoder/node_modules/@vitest/runner/dist/index.js:1131:15)\n    at runSuite (file:///C:/Users/prabh/OneDrive/Desktop/geminicoder/node_modules/@vitest/runner/dist/index.js:1131:15)\n    at runSuite (file:///C:/Users/prabh/OneDrive/Desktop/geminicoder/node_modules/@vitest/runner/dist/index.js:1131:15)\n    at runFiles (file:///C:/Users/prabh/OneDrive/Desktop/geminicoder/node_modules/@vitest/runner/dist/index.js:1188:5)\n    at startTests (file:///C:/Users/prabh/OneDrive/Desktop/geminicoder/node_modules/@vitest/runner/dist/index.js:1197:3)"],"meta":{}},{"ancestorTitles":["BaseService","Transaction Handling"],"fullName":"BaseService Transaction Handling should support custom transaction options","status":"failed","title":"should support custom transaction options","duration":9.440499999999702,"failureMessages":["TypeError: getPrismaClient.mockResolvedValue is not a function\n    at C:\\Users\\prabh\\OneDrive\\Desktop\\geminicoder\\__tests__\\services\\BaseService.test.ts:117:21\n    at processTicksAndRejections (node:internal/process/task_queues:95:5)\n    at callSuiteHook (file:///C:/Users/prabh/OneDrive/Desktop/geminicoder/node_modules/@vitest/runner/dist/index.js:890:22)\n    at callSuiteHook (file:///C:/Users/prabh/OneDrive/Desktop/geminicoder/node_modules/@vitest/runner/dist/index.js:879:10)\n    at runTest (file:///C:/Users/prabh/OneDrive/Desktop/geminicoder/node_modules/@vitest/runner/dist/index.js:966:30)\n    at runSuite (file:///C:/Users/prabh/OneDrive/Desktop/geminicoder/node_modules/@vitest/runner/dist/index.js:1131:15)\n    at runSuite (file:///C:/Users/prabh/OneDrive/Desktop/geminicoder/node_modules/@vitest/runner/dist/index.js:1131:15)\n    at runSuite (file:///C:/Users/prabh/OneDrive/Desktop/geminicoder/node_modules/@vitest/runner/dist/index.js:1131:15)\n    at runFiles (file:///C:/Users/prabh/OneDrive/Desktop/geminicoder/node_modules/@vitest/runner/dist/index.js:1188:5)\n    at startTests (file:///C:/Users/prabh/OneDrive/Desktop/geminicoder/node_modules/@vitest/runner/dist/index.js:1197:3)"],"meta":{}},{"ancestorTitles":["BaseService","Cleanup and Disconnection"],"fullName":"BaseService Cleanup and Disconnection should disconnect from database","status":"failed","title":"should disconnect from database","duration":4.366899999999987,"failureMessages":["TypeError: getPrismaClient.mockResolvedValue is not a function\n    at C:\\Users\\prabh\\OneDrive\\Desktop\\geminicoder\\__tests__\\services\\BaseService.test.ts:117:21\n    at processTicksAndRejections (node:internal/process/task_queues:95:5)\n    at callSuiteHook (file:///C:/Users/prabh/OneDrive/Desktop/geminicoder/node_modules/@vitest/runner/dist/index.js:890:22)\n    at callSuiteHook (file:///C:/Users/prabh/OneDrive/Desktop/geminicoder/node_modules/@vitest/runner/dist/index.js:879:10)\n    at runTest (file:///C:/Users/prabh/OneDrive/Desktop/geminicoder/node_modules/@vitest/runner/dist/index.js:966:30)\n    at runSuite (file:///C:/Users/prabh/OneDrive/Desktop/geminicoder/node_modules/@vitest/runner/dist/index.js:1131:15)\n    at runSuite (file:///C:/Users/prabh/OneDrive/Desktop/geminicoder/node_modules/@vitest/runner/dist/index.js:1131:15)\n    at runSuite (file:///C:/Users/prabh/OneDrive/Desktop/geminicoder/node_modules/@vitest/runner/dist/index.js:1131:15)\n    at runFiles (file:///C:/Users/prabh/OneDrive/Desktop/geminicoder/node_modules/@vitest/runner/dist/index.js:1188:5)\n    at startTests (file:///C:/Users/prabh/OneDrive/Desktop/geminicoder/node_modules/@vitest/runner/dist/index.js:1197:3)"],"meta":{}},{"ancestorTitles":["BaseService","Cleanup and Disconnection"],"fullName":"BaseService Cleanup and Disconnection should handle disconnect errors gracefully","status":"failed","title":"should handle disconnect errors gracefully","duration":4.423999999999978,"failureMessages":["TypeError: getPrismaClient.mockResolvedValue is not a function\n    at C:\\Users\\prabh\\OneDrive\\Desktop\\geminicoder\\__tests__\\services\\BaseService.test.ts:117:21\n    at processTicksAndRejections (node:internal/process/task_queues:95:5)\n    at callSuiteHook (file:///C:/Users/prabh/OneDrive/Desktop/geminicoder/node_modules/@vitest/runner/dist/index.js:890:22)\n    at callSuiteHook (file:///C:/Users/prabh/OneDrive/Desktop/geminicoder/node_modules/@vitest/runner/dist/index.js:879:10)\n    at runTest (file:///C:/Users/prabh/OneDrive/Desktop/geminicoder/node_modules/@vitest/runner/dist/index.js:966:30)\n    at runSuite (file:///C:/Users/prabh/OneDrive/Desktop/geminicoder/node_modules/@vitest/runner/dist/index.js:1131:15)\n    at runSuite (file:///C:/Users/prabh/OneDrive/Desktop/geminicoder/node_modules/@vitest/runner/dist/index.js:1131:15)\n    at runSuite (file:///C:/Users/prabh/OneDrive/Desktop/geminicoder/node_modules/@vitest/runner/dist/index.js:1131:15)\n    at runFiles (file:///C:/Users/prabh/OneDrive/Desktop/geminicoder/node_modules/@vitest/runner/dist/index.js:1188:5)\n    at startTests (file:///C:/Users/prabh/OneDrive/Desktop/geminicoder/node_modules/@vitest/runner/dist/index.js:1197:3)"],"meta":{}}],"startTime":1751345125199,"endTime":1751345125435.424,"status":"failed","message":"","name":"C:/Users/prabh/OneDrive/Desktop/geminicoder/__tests__/services/BaseService.test.ts"},{"assertionResults":[],"startTime":1751345122376,"endTime":1751345122376,"status":"failed","message":"Transform failed with 1 error:\nC:/Users/prabh/OneDrive/Desktop/geminicoder/__tests__/services/StudentService.test.ts:47:33: ERROR: \"await\" can only be used inside an \"async\" function","name":"C:/Users/prabh/OneDrive/Desktop/geminicoder/__tests__/services/StudentService.test.ts"},{"assertionResults":[{"ancestorTitles":["Feature Flag React Hooks","useFeatureFlag Hook"],"fullName":"Feature Flag React Hooks useFeatureFlag Hook should return correct feature flag value","status":"failed","title":"should return correct feature flag value","duration":31.823100000000068,"failureMessages":["AssertionError: expected true to be false // Object.is equality\n    at C:\\Users\\prabh\\OneDrive\\Desktop\\geminicoder\\__tests__\\hooks\\shared\\useFeatureFlag.test.tsx:103:30\n    at file:///C:/Users/prabh/OneDrive/Desktop/geminicoder/node_modules/@vitest/runner/dist/index.js:146:14\n    at file:///C:/Users/prabh/OneDrive/Desktop/geminicoder/node_modules/@vitest/runner/dist/index.js:529:11\n    at runWithTimeout (file:///C:/Users/prabh/OneDrive/Desktop/geminicoder/node_modules/@vitest/runner/dist/index.js:61:7)\n    at runTest (file:///C:/Users/prabh/OneDrive/Desktop/geminicoder/node_modules/@vitest/runner/dist/index.js:982:17)\n    at processTicksAndRejections (node:internal/process/task_queues:95:5)\n    at runSuite (file:///C:/Users/prabh/OneDrive/Desktop/geminicoder/node_modules/@vitest/runner/dist/index.js:1131:15)\n    at runSuite (file:///C:/Users/prabh/OneDrive/Desktop/geminicoder/node_modules/@vitest/runner/dist/index.js:1131:15)\n    at runSuite (file:///C:/Users/prabh/OneDrive/Desktop/geminicoder/node_modules/@vitest/runner/dist/index.js:1131:15)\n    at runFiles (file:///C:/Users/prabh/OneDrive/Desktop/geminicoder/node_modules/@vitest/runner/dist/index.js:1188:5)"],"meta":{}},{"ancestorTitles":["Feature Flag React Hooks","useFeatureFlag Hook"],"fullName":"Feature Flag React Hooks useFeatureFlag Hook should return false for disabled features","status":"passed","title":"should return false for disabled features","duration":3.9306000000001404,"failureMessages":[],"meta":{}},{"ancestorTitles":["Feature Flag React Hooks","useFeatureFlag Hook"],"fullName":"Feature Flag React Hooks useFeatureFlag Hook should handle SSR safely","status":"failed","title":"should handle SSR safely","duration":8.873399999999947,"failureMessages":["ReferenceError: window is not defined\n    at getCurrentEventPriority (C:\\Users\\prabh\\OneDrive\\Desktop\\geminicoder\\node_modules\\react-dom\\cjs\\react-dom.development.js:10993:22)\n    at requestUpdateLane (C:\\Users\\prabh\\OneDrive\\Desktop\\geminicoder\\node_modules\\react-dom\\cjs\\react-dom.development.js:25495:19)\n    at updateContainer (C:\\Users\\prabh\\OneDrive\\Desktop\\geminicoder\\node_modules\\react-dom\\cjs\\react-dom.development.js:28854:14)\n    at ReactDOMRoot.ReactDOMHydrationRoot.render.ReactDOMRoot.render [as render] (C:\\Users\\prabh\\OneDrive\\Desktop\\geminicoder\\node_modules\\react-dom\\cjs\\react-dom.development.js:29353:3)\n    at Object.render (C:\\Users\\prabh\\OneDrive\\Desktop\\geminicoder\\node_modules\\@testing-library\\react\\dist\\pure.js:122:12)\n    at C:\\Users\\prabh\\OneDrive\\Desktop\\geminicoder\\node_modules\\@testing-library\\react\\dist\\pure.js:163:12\n    at C:\\Users\\prabh\\OneDrive\\Desktop\\geminicoder\\node_modules\\@testing-library\\react\\dist\\act-compat.js:64:24\n    at act (C:\\Users\\prabh\\OneDrive\\Desktop\\geminicoder\\node_modules\\react\\cjs\\react.development.js:2512:16)\n    at actWithWarning (C:\\Users\\prabh\\OneDrive\\Desktop\\geminicoder\\node_modules\\react-dom\\cjs\\react-dom-test-utils.development.js:1740:10)\n    at C:\\Users\\prabh\\OneDrive\\Desktop\\geminicoder\\node_modules\\@testing-library\\react\\dist\\act-compat.js:63:25","ReferenceError: window is not defined\n    at getActiveElementDeep (C:\\Users\\prabh\\OneDrive\\Desktop\\geminicoder\\node_modules\\react-dom\\cjs\\react-dom.development.js:8442:13)\n    at getSelectionInformation (C:\\Users\\prabh\\OneDrive\\Desktop\\geminicoder\\node_modules\\react-dom\\cjs\\react-dom.development.js:8476:21)\n    at prepareForCommit (C:\\Users\\prabh\\OneDrive\\Desktop\\geminicoder\\node_modules\\react-dom\\cjs\\react-dom.development.js:10912:26)\n    at commitBeforeMutationEffects (C:\\Users\\prabh\\OneDrive\\Desktop\\geminicoder\\node_modules\\react-dom\\cjs\\react-dom.development.js:22980:27)\n    at commitRootImpl (C:\\Users\\prabh\\OneDrive\\Desktop\\geminicoder\\node_modules\\react-dom\\cjs\\react-dom.development.js:26840:45)\n    at commitRoot (C:\\Users\\prabh\\OneDrive\\Desktop\\geminicoder\\node_modules\\react-dom\\cjs\\react-dom.development.js:26721:5)\n    at performSyncWorkOnRoot (C:\\Users\\prabh\\OneDrive\\Desktop\\geminicoder\\node_modules\\react-dom\\cjs\\react-dom.development.js:26156:3)\n    at flushSyncCallbacks (C:\\Users\\prabh\\OneDrive\\Desktop\\geminicoder\\node_modules\\react-dom\\cjs\\react-dom.development.js:12042:22)\n    at flushSync (C:\\Users\\prabh\\OneDrive\\Desktop\\geminicoder\\node_modules\\react-dom\\cjs\\react-dom.development.js:26240:7)\n    at ReactDOMRoot.ReactDOMHydrationRoot.unmount.ReactDOMRoot.unmount [as unmount] (C:\\Users\\prabh\\OneDrive\\Desktop\\geminicoder\\node_modules\\react-dom\\cjs\\react-dom.development.js:29375:5)"],"meta":{}},{"ancestorTitles":["Feature Flag React Hooks","useFeatureFlags Hook"],"fullName":"Feature Flag React Hooks useFeatureFlags Hook should return multiple feature flags","status":"failed","title":"should return multiple feature flags","duration":2.88130000000001,"failureMessages":["ReferenceError: window is not defined\n    at getCurrentEventPriority (C:\\Users\\prabh\\OneDrive\\Desktop\\geminicoder\\node_modules\\react-dom\\cjs\\react-dom.development.js:10993:22)\n    at requestUpdateLane (C:\\Users\\prabh\\OneDrive\\Desktop\\geminicoder\\node_modules\\react-dom\\cjs\\react-dom.development.js:25495:19)\n    at updateContainer (C:\\Users\\prabh\\OneDrive\\Desktop\\geminicoder\\node_modules\\react-dom\\cjs\\react-dom.development.js:28854:14)\n    at ReactDOMRoot.ReactDOMHydrationRoot.render.ReactDOMRoot.render [as render] (C:\\Users\\prabh\\OneDrive\\Desktop\\geminicoder\\node_modules\\react-dom\\cjs\\react-dom.development.js:29353:3)\n    at Object.render (C:\\Users\\prabh\\OneDrive\\Desktop\\geminicoder\\node_modules\\@testing-library\\react\\dist\\pure.js:122:12)\n    at C:\\Users\\prabh\\OneDrive\\Desktop\\geminicoder\\node_modules\\@testing-library\\react\\dist\\pure.js:163:12\n    at C:\\Users\\prabh\\OneDrive\\Desktop\\geminicoder\\node_modules\\@testing-library\\react\\dist\\act-compat.js:64:24\n    at act (C:\\Users\\prabh\\OneDrive\\Desktop\\geminicoder\\node_modules\\react\\cjs\\react.development.js:2512:16)\n    at actWithWarning (C:\\Users\\prabh\\OneDrive\\Desktop\\geminicoder\\node_modules\\react-dom\\cjs\\react-dom-test-utils.development.js:1740:10)\n    at C:\\Users\\prabh\\OneDrive\\Desktop\\geminicoder\\node_modules\\@testing-library\\react\\dist\\act-compat.js:63:25","Error: Should not already be working.\n    at performSyncWorkOnRoot (C:\\Users\\prabh\\OneDrive\\Desktop\\geminicoder\\node_modules\\react-dom\\cjs\\react-dom.development.js:26112:11)\n    at flushSyncCallbacks (C:\\Users\\prabh\\OneDrive\\Desktop\\geminicoder\\node_modules\\react-dom\\cjs\\react-dom.development.js:12042:22)\n    at flushActQueue (C:\\Users\\prabh\\OneDrive\\Desktop\\geminicoder\\node_modules\\react\\cjs\\react.development.js:2667:24)\n    at act (C:\\Users\\prabh\\OneDrive\\Desktop\\geminicoder\\node_modules\\react\\cjs\\react.development.js:2582:11)\n    at actWithWarning (C:\\Users\\prabh\\OneDrive\\Desktop\\geminicoder\\node_modules\\react-dom\\cjs\\react-dom-test-utils.development.js:1740:10)\n    at C:\\Users\\prabh\\OneDrive\\Desktop\\geminicoder\\node_modules\\@testing-library\\react\\dist\\act-compat.js:63:25\n    at C:\\Users\\prabh\\OneDrive\\Desktop\\geminicoder\\node_modules\\@testing-library\\react\\dist\\pure.js:261:28\n    at Array.forEach (<anonymous>)\n    at cleanup (C:\\Users\\prabh\\OneDrive\\Desktop\\geminicoder\\node_modules\\@testing-library\\react\\dist\\pure.js:257:22)\n    at C:\\Users\\prabh\\OneDrive\\Desktop\\geminicoder\\node_modules\\@testing-library\\react\\dist\\index.js:35:25"],"meta":{}},{"ancestorTitles":["Feature Flag React Hooks","useFeatureFlags Hook"],"fullName":"Feature Flag React Hooks useFeatureFlags Hook should handle empty feature array","status":"failed","title":"should handle empty feature array","duration":4.484600000000228,"failureMessages":["ReferenceError: window is not defined\n    at getCurrentEventPriority (C:\\Users\\prabh\\OneDrive\\Desktop\\geminicoder\\node_modules\\react-dom\\cjs\\react-dom.development.js:10993:22)\n    at requestUpdateLane (C:\\Users\\prabh\\OneDrive\\Desktop\\geminicoder\\node_modules\\react-dom\\cjs\\react-dom.development.js:25495:19)\n    at updateContainer (C:\\Users\\prabh\\OneDrive\\Desktop\\geminicoder\\node_modules\\react-dom\\cjs\\react-dom.development.js:28854:14)\n    at ReactDOMRoot.ReactDOMHydrationRoot.render.ReactDOMRoot.render [as render] (C:\\Users\\prabh\\OneDrive\\Desktop\\geminicoder\\node_modules\\react-dom\\cjs\\react-dom.development.js:29353:3)\n    at Object.render (C:\\Users\\prabh\\OneDrive\\Desktop\\geminicoder\\node_modules\\@testing-library\\react\\dist\\pure.js:122:12)\n    at C:\\Users\\prabh\\OneDrive\\Desktop\\geminicoder\\node_modules\\@testing-library\\react\\dist\\pure.js:163:12\n    at C:\\Users\\prabh\\OneDrive\\Desktop\\geminicoder\\node_modules\\@testing-library\\react\\dist\\act-compat.js:64:24\n    at act (C:\\Users\\prabh\\OneDrive\\Desktop\\geminicoder\\node_modules\\react\\cjs\\react.development.js:2512:16)\n    at actWithWarning (C:\\Users\\prabh\\OneDrive\\Desktop\\geminicoder\\node_modules\\react-dom\\cjs\\react-dom-test-utils.development.js:1740:10)\n    at C:\\Users\\prabh\\OneDrive\\Desktop\\geminicoder\\node_modules\\@testing-library\\react\\dist\\act-compat.js:63:25","Error: Should not already be working.\n    at performSyncWorkOnRoot (C:\\Users\\prabh\\OneDrive\\Desktop\\geminicoder\\node_modules\\react-dom\\cjs\\react-dom.development.js:26112:11)\n    at flushSyncCallbacks (C:\\Users\\prabh\\OneDrive\\Desktop\\geminicoder\\node_modules\\react-dom\\cjs\\react-dom.development.js:12042:22)\n    at flushActQueue (C:\\Users\\prabh\\OneDrive\\Desktop\\geminicoder\\node_modules\\react\\cjs\\react.development.js:2667:24)\n    at act (C:\\Users\\prabh\\OneDrive\\Desktop\\geminicoder\\node_modules\\react\\cjs\\react.development.js:2582:11)\n    at actWithWarning (C:\\Users\\prabh\\OneDrive\\Desktop\\geminicoder\\node_modules\\react-dom\\cjs\\react-dom-test-utils.development.js:1740:10)\n    at C:\\Users\\prabh\\OneDrive\\Desktop\\geminicoder\\node_modules\\@testing-library\\react\\dist\\act-compat.js:63:25\n    at C:\\Users\\prabh\\OneDrive\\Desktop\\geminicoder\\node_modules\\@testing-library\\react\\dist\\pure.js:261:28\n    at Array.forEach (<anonymous>)\n    at cleanup (C:\\Users\\prabh\\OneDrive\\Desktop\\geminicoder\\node_modules\\@testing-library\\react\\dist\\pure.js:257:22)\n    at C:\\Users\\prabh\\OneDrive\\Desktop\\geminicoder\\node_modules\\@testing-library\\react\\dist\\index.js:35:25"],"meta":{}},{"ancestorTitles":["Feature Flag React Hooks","useAllFeatureFlags Hook"],"fullName":"Feature Flag React Hooks useAllFeatureFlags Hook should return all feature flags","status":"failed","title":"should return all feature flags","duration":1.7498000000000502,"failureMessages":["ReferenceError: window is not defined\n    at getCurrentEventPriority (C:\\Users\\prabh\\OneDrive\\Desktop\\geminicoder\\node_modules\\react-dom\\cjs\\react-dom.development.js:10993:22)\n    at requestUpdateLane (C:\\Users\\prabh\\OneDrive\\Desktop\\geminicoder\\node_modules\\react-dom\\cjs\\react-dom.development.js:25495:19)\n    at updateContainer (C:\\Users\\prabh\\OneDrive\\Desktop\\geminicoder\\node_modules\\react-dom\\cjs\\react-dom.development.js:28854:14)\n    at ReactDOMRoot.ReactDOMHydrationRoot.render.ReactDOMRoot.render [as render] (C:\\Users\\prabh\\OneDrive\\Desktop\\geminicoder\\node_modules\\react-dom\\cjs\\react-dom.development.js:29353:3)\n    at Object.render (C:\\Users\\prabh\\OneDrive\\Desktop\\geminicoder\\node_modules\\@testing-library\\react\\dist\\pure.js:122:12)\n    at C:\\Users\\prabh\\OneDrive\\Desktop\\geminicoder\\node_modules\\@testing-library\\react\\dist\\pure.js:163:12\n    at C:\\Users\\prabh\\OneDrive\\Desktop\\geminicoder\\node_modules\\@testing-library\\react\\dist\\act-compat.js:64:24\n    at act (C:\\Users\\prabh\\OneDrive\\Desktop\\geminicoder\\node_modules\\react\\cjs\\react.development.js:2512:16)\n    at actWithWarning (C:\\Users\\prabh\\OneDrive\\Desktop\\geminicoder\\node_modules\\react-dom\\cjs\\react-dom-test-utils.development.js:1740:10)\n    at C:\\Users\\prabh\\OneDrive\\Desktop\\geminicoder\\node_modules\\@testing-library\\react\\dist\\act-compat.js:63:25","Error: Should not already be working.\n    at performSyncWorkOnRoot (C:\\Users\\prabh\\OneDrive\\Desktop\\geminicoder\\node_modules\\react-dom\\cjs\\react-dom.development.js:26112:11)\n    at flushSyncCallbacks (C:\\Users\\prabh\\OneDrive\\Desktop\\geminicoder\\node_modules\\react-dom\\cjs\\react-dom.development.js:12042:22)\n    at flushActQueue (C:\\Users\\prabh\\OneDrive\\Desktop\\geminicoder\\node_modules\\react\\cjs\\react.development.js:2667:24)\n    at act (C:\\Users\\prabh\\OneDrive\\Desktop\\geminicoder\\node_modules\\react\\cjs\\react.development.js:2582:11)\n    at actWithWarning (C:\\Users\\prabh\\OneDrive\\Desktop\\geminicoder\\node_modules\\react-dom\\cjs\\react-dom-test-utils.development.js:1740:10)\n    at C:\\Users\\prabh\\OneDrive\\Desktop\\geminicoder\\node_modules\\@testing-library\\react\\dist\\act-compat.js:63:25\n    at C:\\Users\\prabh\\OneDrive\\Desktop\\geminicoder\\node_modules\\@testing-library\\react\\dist\\pure.js:261:28\n    at Array.forEach (<anonymous>)\n    at cleanup (C:\\Users\\prabh\\OneDrive\\Desktop\\geminicoder\\node_modules\\@testing-library\\react\\dist\\pure.js:257:22)\n    at C:\\Users\\prabh\\OneDrive\\Desktop\\geminicoder\\node_modules\\@testing-library\\react\\dist\\index.js:35:25"],"meta":{}},{"ancestorTitles":["Feature Flag React Hooks","useEnabledFeatures Hook"],"fullName":"Feature Flag React Hooks useEnabledFeatures Hook should return only enabled features","status":"failed","title":"should return only enabled features","duration":2.0536000000001877,"failureMessages":["ReferenceError: window is not defined\n    at getCurrentEventPriority (C:\\Users\\prabh\\OneDrive\\Desktop\\geminicoder\\node_modules\\react-dom\\cjs\\react-dom.development.js:10993:22)\n    at requestUpdateLane (C:\\Users\\prabh\\OneDrive\\Desktop\\geminicoder\\node_modules\\react-dom\\cjs\\react-dom.development.js:25495:19)\n    at updateContainer (C:\\Users\\prabh\\OneDrive\\Desktop\\geminicoder\\node_modules\\react-dom\\cjs\\react-dom.development.js:28854:14)\n    at ReactDOMRoot.ReactDOMHydrationRoot.render.ReactDOMRoot.render [as render] (C:\\Users\\prabh\\OneDrive\\Desktop\\geminicoder\\node_modules\\react-dom\\cjs\\react-dom.development.js:29353:3)\n    at Object.render (C:\\Users\\prabh\\OneDrive\\Desktop\\geminicoder\\node_modules\\@testing-library\\react\\dist\\pure.js:122:12)\n    at C:\\Users\\prabh\\OneDrive\\Desktop\\geminicoder\\node_modules\\@testing-library\\react\\dist\\pure.js:163:12\n    at C:\\Users\\prabh\\OneDrive\\Desktop\\geminicoder\\node_modules\\@testing-library\\react\\dist\\act-compat.js:64:24\n    at act (C:\\Users\\prabh\\OneDrive\\Desktop\\geminicoder\\node_modules\\react\\cjs\\react.development.js:2512:16)\n    at actWithWarning (C:\\Users\\prabh\\OneDrive\\Desktop\\geminicoder\\node_modules\\react-dom\\cjs\\react-dom-test-utils.development.js:1740:10)\n    at C:\\Users\\prabh\\OneDrive\\Desktop\\geminicoder\\node_modules\\@testing-library\\react\\dist\\act-compat.js:63:25","Error: Should not already be working.\n    at performSyncWorkOnRoot (C:\\Users\\prabh\\OneDrive\\Desktop\\geminicoder\\node_modules\\react-dom\\cjs\\react-dom.development.js:26112:11)\n    at flushSyncCallbacks (C:\\Users\\prabh\\OneDrive\\Desktop\\geminicoder\\node_modules\\react-dom\\cjs\\react-dom.development.js:12042:22)\n    at flushActQueue (C:\\Users\\prabh\\OneDrive\\Desktop\\geminicoder\\node_modules\\react\\cjs\\react.development.js:2667:24)\n    at act (C:\\Users\\prabh\\OneDrive\\Desktop\\geminicoder\\node_modules\\react\\cjs\\react.development.js:2582:11)\n    at actWithWarning (C:\\Users\\prabh\\OneDrive\\Desktop\\geminicoder\\node_modules\\react-dom\\cjs\\react-dom-test-utils.development.js:1740:10)\n    at C:\\Users\\prabh\\OneDrive\\Desktop\\geminicoder\\node_modules\\@testing-library\\react\\dist\\act-compat.js:63:25\n    at C:\\Users\\prabh\\OneDrive\\Desktop\\geminicoder\\node_modules\\@testing-library\\react\\dist\\pure.js:261:28\n    at Array.forEach (<anonymous>)\n    at cleanup (C:\\Users\\prabh\\OneDrive\\Desktop\\geminicoder\\node_modules\\@testing-library\\react\\dist\\pure.js:257:22)\n    at C:\\Users\\prabh\\OneDrive\\Desktop\\geminicoder\\node_modules\\@testing-library\\react\\dist\\index.js:35:25"],"meta":{}},{"ancestorTitles":["Feature Flag React Hooks","useFeatureFlagAnalytics Hook"],"fullName":"Feature Flag React Hooks useFeatureFlagAnalytics Hook should return analytics data","status":"failed","title":"should return analytics data","duration":1.7240999999999076,"failureMessages":["ReferenceError: window is not defined\n    at getCurrentEventPriority (C:\\Users\\prabh\\OneDrive\\Desktop\\geminicoder\\node_modules\\react-dom\\cjs\\react-dom.development.js:10993:22)\n    at requestUpdateLane (C:\\Users\\prabh\\OneDrive\\Desktop\\geminicoder\\node_modules\\react-dom\\cjs\\react-dom.development.js:25495:19)\n    at updateContainer (C:\\Users\\prabh\\OneDrive\\Desktop\\geminicoder\\node_modules\\react-dom\\cjs\\react-dom.development.js:28854:14)\n    at ReactDOMRoot.ReactDOMHydrationRoot.render.ReactDOMRoot.render [as render] (C:\\Users\\prabh\\OneDrive\\Desktop\\geminicoder\\node_modules\\react-dom\\cjs\\react-dom.development.js:29353:3)\n    at Object.render (C:\\Users\\prabh\\OneDrive\\Desktop\\geminicoder\\node_modules\\@testing-library\\react\\dist\\pure.js:122:12)\n    at C:\\Users\\prabh\\OneDrive\\Desktop\\geminicoder\\node_modules\\@testing-library\\react\\dist\\pure.js:163:12\n    at C:\\Users\\prabh\\OneDrive\\Desktop\\geminicoder\\node_modules\\@testing-library\\react\\dist\\act-compat.js:64:24\n    at act (C:\\Users\\prabh\\OneDrive\\Desktop\\geminicoder\\node_modules\\react\\cjs\\react.development.js:2512:16)\n    at actWithWarning (C:\\Users\\prabh\\OneDrive\\Desktop\\geminicoder\\node_modules\\react-dom\\cjs\\react-dom-test-utils.development.js:1740:10)\n    at C:\\Users\\prabh\\OneDrive\\Desktop\\geminicoder\\node_modules\\@testing-library\\react\\dist\\act-compat.js:63:25","Error: Should not already be working.\n    at performSyncWorkOnRoot (C:\\Users\\prabh\\OneDrive\\Desktop\\geminicoder\\node_modules\\react-dom\\cjs\\react-dom.development.js:26112:11)\n    at flushSyncCallbacks (C:\\Users\\prabh\\OneDrive\\Desktop\\geminicoder\\node_modules\\react-dom\\cjs\\react-dom.development.js:12042:22)\n    at flushActQueue (C:\\Users\\prabh\\OneDrive\\Desktop\\geminicoder\\node_modules\\react\\cjs\\react.development.js:2667:24)\n    at act (C:\\Users\\prabh\\OneDrive\\Desktop\\geminicoder\\node_modules\\react\\cjs\\react.development.js:2582:11)\n    at actWithWarning (C:\\Users\\prabh\\OneDrive\\Desktop\\geminicoder\\node_modules\\react-dom\\cjs\\react-dom-test-utils.development.js:1740:10)\n    at C:\\Users\\prabh\\OneDrive\\Desktop\\geminicoder\\node_modules\\@testing-library\\react\\dist\\act-compat.js:63:25\n    at C:\\Users\\prabh\\OneDrive\\Desktop\\geminicoder\\node_modules\\@testing-library\\react\\dist\\pure.js:261:28\n    at Array.forEach (<anonymous>)\n    at cleanup (C:\\Users\\prabh\\OneDrive\\Desktop\\geminicoder\\node_modules\\@testing-library\\react\\dist\\pure.js:257:22)\n    at C:\\Users\\prabh\\OneDrive\\Desktop\\geminicoder\\node_modules\\@testing-library\\react\\dist\\index.js:35:25"],"meta":{}},{"ancestorTitles":["Feature Flag React Hooks","useFeatureFlagValidation Hook"],"fullName":"Feature Flag React Hooks useFeatureFlagValidation Hook should return validation results","status":"failed","title":"should return validation results","duration":1.7307999999998174,"failureMessages":["ReferenceError: window is not defined\n    at getCurrentEventPriority (C:\\Users\\prabh\\OneDrive\\Desktop\\geminicoder\\node_modules\\react-dom\\cjs\\react-dom.development.js:10993:22)\n    at requestUpdateLane (C:\\Users\\prabh\\OneDrive\\Desktop\\geminicoder\\node_modules\\react-dom\\cjs\\react-dom.development.js:25495:19)\n    at updateContainer (C:\\Users\\prabh\\OneDrive\\Desktop\\geminicoder\\node_modules\\react-dom\\cjs\\react-dom.development.js:28854:14)\n    at ReactDOMRoot.ReactDOMHydrationRoot.render.ReactDOMRoot.render [as render] (C:\\Users\\prabh\\OneDrive\\Desktop\\geminicoder\\node_modules\\react-dom\\cjs\\react-dom.development.js:29353:3)\n    at Object.render (C:\\Users\\prabh\\OneDrive\\Desktop\\geminicoder\\node_modules\\@testing-library\\react\\dist\\pure.js:122:12)\n    at C:\\Users\\prabh\\OneDrive\\Desktop\\geminicoder\\node_modules\\@testing-library\\react\\dist\\pure.js:163:12\n    at C:\\Users\\prabh\\OneDrive\\Desktop\\geminicoder\\node_modules\\@testing-library\\react\\dist\\act-compat.js:64:24\n    at act (C:\\Users\\prabh\\OneDrive\\Desktop\\geminicoder\\node_modules\\react\\cjs\\react.development.js:2512:16)\n    at actWithWarning (C:\\Users\\prabh\\OneDrive\\Desktop\\geminicoder\\node_modules\\react-dom\\cjs\\react-dom-test-utils.development.js:1740:10)\n    at C:\\Users\\prabh\\OneDrive\\Desktop\\geminicoder\\node_modules\\@testing-library\\react\\dist\\act-compat.js:63:25","Error: Should not already be working.\n    at performSyncWorkOnRoot (C:\\Users\\prabh\\OneDrive\\Desktop\\geminicoder\\node_modules\\react-dom\\cjs\\react-dom.development.js:26112:11)\n    at flushSyncCallbacks (C:\\Users\\prabh\\OneDrive\\Desktop\\geminicoder\\node_modules\\react-dom\\cjs\\react-dom.development.js:12042:22)\n    at flushActQueue (C:\\Users\\prabh\\OneDrive\\Desktop\\geminicoder\\node_modules\\react\\cjs\\react.development.js:2667:24)\n    at act (C:\\Users\\prabh\\OneDrive\\Desktop\\geminicoder\\node_modules\\react\\cjs\\react.development.js:2582:11)\n    at actWithWarning (C:\\Users\\prabh\\OneDrive\\Desktop\\geminicoder\\node_modules\\react-dom\\cjs\\react-dom-test-utils.development.js:1740:10)\n    at C:\\Users\\prabh\\OneDrive\\Desktop\\geminicoder\\node_modules\\@testing-library\\react\\dist\\act-compat.js:63:25\n    at C:\\Users\\prabh\\OneDrive\\Desktop\\geminicoder\\node_modules\\@testing-library\\react\\dist\\pure.js:261:28\n    at Array.forEach (<anonymous>)\n    at cleanup (C:\\Users\\prabh\\OneDrive\\Desktop\\geminicoder\\node_modules\\@testing-library\\react\\dist\\pure.js:257:22)\n    at C:\\Users\\prabh\\OneDrive\\Desktop\\geminicoder\\node_modules\\@testing-library\\react\\dist\\index.js:35:25"],"meta":{}},{"ancestorTitles":["Feature Flag React Hooks","useFeatureFlagValidation Hook"],"fullName":"Feature Flag React Hooks useFeatureFlagValidation Hook should handle validation errors","status":"failed","title":"should handle validation errors","duration":1.6286000000000058,"failureMessages":["ReferenceError: window is not defined\n    at getCurrentEventPriority (C:\\Users\\prabh\\OneDrive\\Desktop\\geminicoder\\node_modules\\react-dom\\cjs\\react-dom.development.js:10993:22)\n    at requestUpdateLane (C:\\Users\\prabh\\OneDrive\\Desktop\\geminicoder\\node_modules\\react-dom\\cjs\\react-dom.development.js:25495:19)\n    at updateContainer (C:\\Users\\prabh\\OneDrive\\Desktop\\geminicoder\\node_modules\\react-dom\\cjs\\react-dom.development.js:28854:14)\n    at ReactDOMRoot.ReactDOMHydrationRoot.render.ReactDOMRoot.render [as render] (C:\\Users\\prabh\\OneDrive\\Desktop\\geminicoder\\node_modules\\react-dom\\cjs\\react-dom.development.js:29353:3)\n    at Object.render (C:\\Users\\prabh\\OneDrive\\Desktop\\geminicoder\\node_modules\\@testing-library\\react\\dist\\pure.js:122:12)\n    at C:\\Users\\prabh\\OneDrive\\Desktop\\geminicoder\\node_modules\\@testing-library\\react\\dist\\pure.js:163:12\n    at C:\\Users\\prabh\\OneDrive\\Desktop\\geminicoder\\node_modules\\@testing-library\\react\\dist\\act-compat.js:64:24\n    at act (C:\\Users\\prabh\\OneDrive\\Desktop\\geminicoder\\node_modules\\react\\cjs\\react.development.js:2512:16)\n    at actWithWarning (C:\\Users\\prabh\\OneDrive\\Desktop\\geminicoder\\node_modules\\react-dom\\cjs\\react-dom-test-utils.development.js:1740:10)\n    at C:\\Users\\prabh\\OneDrive\\Desktop\\geminicoder\\node_modules\\@testing-library\\react\\dist\\act-compat.js:63:25","Error: Should not already be working.\n    at performSyncWorkOnRoot (C:\\Users\\prabh\\OneDrive\\Desktop\\geminicoder\\node_modules\\react-dom\\cjs\\react-dom.development.js:26112:11)\n    at flushSyncCallbacks (C:\\Users\\prabh\\OneDrive\\Desktop\\geminicoder\\node_modules\\react-dom\\cjs\\react-dom.development.js:12042:22)\n    at flushActQueue (C:\\Users\\prabh\\OneDrive\\Desktop\\geminicoder\\node_modules\\react\\cjs\\react.development.js:2667:24)\n    at act (C:\\Users\\prabh\\OneDrive\\Desktop\\geminicoder\\node_modules\\react\\cjs\\react.development.js:2582:11)\n    at actWithWarning (C:\\Users\\prabh\\OneDrive\\Desktop\\geminicoder\\node_modules\\react-dom\\cjs\\react-dom-test-utils.development.js:1740:10)\n    at C:\\Users\\prabh\\OneDrive\\Desktop\\geminicoder\\node_modules\\@testing-library\\react\\dist\\act-compat.js:63:25\n    at C:\\Users\\prabh\\OneDrive\\Desktop\\geminicoder\\node_modules\\@testing-library\\react\\dist\\pure.js:261:28\n    at Array.forEach (<anonymous>)\n    at cleanup (C:\\Users\\prabh\\OneDrive\\Desktop\\geminicoder\\node_modules\\@testing-library\\react\\dist\\pure.js:257:22)\n    at C:\\Users\\prabh\\OneDrive\\Desktop\\geminicoder\\node_modules\\@testing-library\\react\\dist\\index.js:35:25"],"meta":{}},{"ancestorTitles":["Feature Flag React Hooks","withFeatureFlag HOC"],"fullName":"Feature Flag React Hooks withFeatureFlag HOC should render component when feature is enabled","status":"failed","title":"should render component when feature is enabled","duration":1.933100000000195,"failureMessages":["ReferenceError: window is not defined\n    at getCurrentEventPriority (C:\\Users\\prabh\\OneDrive\\Desktop\\geminicoder\\node_modules\\react-dom\\cjs\\react-dom.development.js:10993:22)\n    at requestUpdateLane (C:\\Users\\prabh\\OneDrive\\Desktop\\geminicoder\\node_modules\\react-dom\\cjs\\react-dom.development.js:25495:19)\n    at updateContainer (C:\\Users\\prabh\\OneDrive\\Desktop\\geminicoder\\node_modules\\react-dom\\cjs\\react-dom.development.js:28854:14)\n    at ReactDOMRoot.ReactDOMHydrationRoot.render.ReactDOMRoot.render [as render] (C:\\Users\\prabh\\OneDrive\\Desktop\\geminicoder\\node_modules\\react-dom\\cjs\\react-dom.development.js:29353:3)\n    at Object.render (C:\\Users\\prabh\\OneDrive\\Desktop\\geminicoder\\node_modules\\@testing-library\\react\\dist\\pure.js:122:12)\n    at C:\\Users\\prabh\\OneDrive\\Desktop\\geminicoder\\node_modules\\@testing-library\\react\\dist\\pure.js:163:12\n    at C:\\Users\\prabh\\OneDrive\\Desktop\\geminicoder\\node_modules\\@testing-library\\react\\dist\\act-compat.js:64:24\n    at act (C:\\Users\\prabh\\OneDrive\\Desktop\\geminicoder\\node_modules\\react\\cjs\\react.development.js:2512:16)\n    at actWithWarning (C:\\Users\\prabh\\OneDrive\\Desktop\\geminicoder\\node_modules\\react-dom\\cjs\\react-dom-test-utils.development.js:1740:10)\n    at C:\\Users\\prabh\\OneDrive\\Desktop\\geminicoder\\node_modules\\@testing-library\\react\\dist\\act-compat.js:63:25","Error: Should not already be working.\n    at performSyncWorkOnRoot (C:\\Users\\prabh\\OneDrive\\Desktop\\geminicoder\\node_modules\\react-dom\\cjs\\react-dom.development.js:26112:11)\n    at flushSyncCallbacks (C:\\Users\\prabh\\OneDrive\\Desktop\\geminicoder\\node_modules\\react-dom\\cjs\\react-dom.development.js:12042:22)\n    at flushActQueue (C:\\Users\\prabh\\OneDrive\\Desktop\\geminicoder\\node_modules\\react\\cjs\\react.development.js:2667:24)\n    at act (C:\\Users\\prabh\\OneDrive\\Desktop\\geminicoder\\node_modules\\react\\cjs\\react.development.js:2582:11)\n    at actWithWarning (C:\\Users\\prabh\\OneDrive\\Desktop\\geminicoder\\node_modules\\react-dom\\cjs\\react-dom-test-utils.development.js:1740:10)\n    at C:\\Users\\prabh\\OneDrive\\Desktop\\geminicoder\\node_modules\\@testing-library\\react\\dist\\act-compat.js:63:25\n    at C:\\Users\\prabh\\OneDrive\\Desktop\\geminicoder\\node_modules\\@testing-library\\react\\dist\\pure.js:261:28\n    at Array.forEach (<anonymous>)\n    at cleanup (C:\\Users\\prabh\\OneDrive\\Desktop\\geminicoder\\node_modules\\@testing-library\\react\\dist\\pure.js:257:22)\n    at C:\\Users\\prabh\\OneDrive\\Desktop\\geminicoder\\node_modules\\@testing-library\\react\\dist\\index.js:35:25"],"meta":{}},{"ancestorTitles":["Feature Flag React Hooks","withFeatureFlag HOC"],"fullName":"Feature Flag React Hooks withFeatureFlag HOC should not render component when feature is disabled","status":"failed","title":"should not render component when feature is disabled","duration":2.2197000000001026,"failureMessages":["ReferenceError: window is not defined\n    at getCurrentEventPriority (C:\\Users\\prabh\\OneDrive\\Desktop\\geminicoder\\node_modules\\react-dom\\cjs\\react-dom.development.js:10993:22)\n    at requestUpdateLane (C:\\Users\\prabh\\OneDrive\\Desktop\\geminicoder\\node_modules\\react-dom\\cjs\\react-dom.development.js:25495:19)\n    at updateContainer (C:\\Users\\prabh\\OneDrive\\Desktop\\geminicoder\\node_modules\\react-dom\\cjs\\react-dom.development.js:28854:14)\n    at ReactDOMRoot.ReactDOMHydrationRoot.render.ReactDOMRoot.render [as render] (C:\\Users\\prabh\\OneDrive\\Desktop\\geminicoder\\node_modules\\react-dom\\cjs\\react-dom.development.js:29353:3)\n    at Object.render (C:\\Users\\prabh\\OneDrive\\Desktop\\geminicoder\\node_modules\\@testing-library\\react\\dist\\pure.js:122:12)\n    at C:\\Users\\prabh\\OneDrive\\Desktop\\geminicoder\\node_modules\\@testing-library\\react\\dist\\pure.js:163:12\n    at C:\\Users\\prabh\\OneDrive\\Desktop\\geminicoder\\node_modules\\@testing-library\\react\\dist\\act-compat.js:64:24\n    at act (C:\\Users\\prabh\\OneDrive\\Desktop\\geminicoder\\node_modules\\react\\cjs\\react.development.js:2512:16)\n    at actWithWarning (C:\\Users\\prabh\\OneDrive\\Desktop\\geminicoder\\node_modules\\react-dom\\cjs\\react-dom-test-utils.development.js:1740:10)\n    at C:\\Users\\prabh\\OneDrive\\Desktop\\geminicoder\\node_modules\\@testing-library\\react\\dist\\act-compat.js:63:25","Error: Should not already be working.\n    at performSyncWorkOnRoot (C:\\Users\\prabh\\OneDrive\\Desktop\\geminicoder\\node_modules\\react-dom\\cjs\\react-dom.development.js:26112:11)\n    at flushSyncCallbacks (C:\\Users\\prabh\\OneDrive\\Desktop\\geminicoder\\node_modules\\react-dom\\cjs\\react-dom.development.js:12042:22)\n    at flushActQueue (C:\\Users\\prabh\\OneDrive\\Desktop\\geminicoder\\node_modules\\react\\cjs\\react.development.js:2667:24)\n    at act (C:\\Users\\prabh\\OneDrive\\Desktop\\geminicoder\\node_modules\\react\\cjs\\react.development.js:2582:11)\n    at actWithWarning (C:\\Users\\prabh\\OneDrive\\Desktop\\geminicoder\\node_modules\\react-dom\\cjs\\react-dom-test-utils.development.js:1740:10)\n    at C:\\Users\\prabh\\OneDrive\\Desktop\\geminicoder\\node_modules\\@testing-library\\react\\dist\\act-compat.js:63:25\n    at C:\\Users\\prabh\\OneDrive\\Desktop\\geminicoder\\node_modules\\@testing-library\\react\\dist\\pure.js:261:28\n    at Array.forEach (<anonymous>)\n    at cleanup (C:\\Users\\prabh\\OneDrive\\Desktop\\geminicoder\\node_modules\\@testing-library\\react\\dist\\pure.js:257:22)\n    at C:\\Users\\prabh\\OneDrive\\Desktop\\geminicoder\\node_modules\\@testing-library\\react\\dist\\index.js:35:25"],"meta":{}},{"ancestorTitles":["Feature Flag React Hooks","withFeatureFlag HOC"],"fullName":"Feature Flag React Hooks withFeatureFlag HOC should render fallback component when feature is disabled","status":"failed","title":"should render fallback component when feature is disabled","duration":2.4157000000000153,"failureMessages":["ReferenceError: window is not defined\n    at getCurrentEventPriority (C:\\Users\\prabh\\OneDrive\\Desktop\\geminicoder\\node_modules\\react-dom\\cjs\\react-dom.development.js:10993:22)\n    at requestUpdateLane (C:\\Users\\prabh\\OneDrive\\Desktop\\geminicoder\\node_modules\\react-dom\\cjs\\react-dom.development.js:25495:19)\n    at updateContainer (C:\\Users\\prabh\\OneDrive\\Desktop\\geminicoder\\node_modules\\react-dom\\cjs\\react-dom.development.js:28854:14)\n    at ReactDOMRoot.ReactDOMHydrationRoot.render.ReactDOMRoot.render [as render] (C:\\Users\\prabh\\OneDrive\\Desktop\\geminicoder\\node_modules\\react-dom\\cjs\\react-dom.development.js:29353:3)\n    at Object.render (C:\\Users\\prabh\\OneDrive\\Desktop\\geminicoder\\node_modules\\@testing-library\\react\\dist\\pure.js:122:12)\n    at C:\\Users\\prabh\\OneDrive\\Desktop\\geminicoder\\node_modules\\@testing-library\\react\\dist\\pure.js:163:12\n    at C:\\Users\\prabh\\OneDrive\\Desktop\\geminicoder\\node_modules\\@testing-library\\react\\dist\\act-compat.js:64:24\n    at act (C:\\Users\\prabh\\OneDrive\\Desktop\\geminicoder\\node_modules\\react\\cjs\\react.development.js:2512:16)\n    at actWithWarning (C:\\Users\\prabh\\OneDrive\\Desktop\\geminicoder\\node_modules\\react-dom\\cjs\\react-dom-test-utils.development.js:1740:10)\n    at C:\\Users\\prabh\\OneDrive\\Desktop\\geminicoder\\node_modules\\@testing-library\\react\\dist\\act-compat.js:63:25","Error: Should not already be working.\n    at performSyncWorkOnRoot (C:\\Users\\prabh\\OneDrive\\Desktop\\geminicoder\\node_modules\\react-dom\\cjs\\react-dom.development.js:26112:11)\n    at flushSyncCallbacks (C:\\Users\\prabh\\OneDrive\\Desktop\\geminicoder\\node_modules\\react-dom\\cjs\\react-dom.development.js:12042:22)\n    at flushActQueue (C:\\Users\\prabh\\OneDrive\\Desktop\\geminicoder\\node_modules\\react\\cjs\\react.development.js:2667:24)\n    at act (C:\\Users\\prabh\\OneDrive\\Desktop\\geminicoder\\node_modules\\react\\cjs\\react.development.js:2582:11)\n    at actWithWarning (C:\\Users\\prabh\\OneDrive\\Desktop\\geminicoder\\node_modules\\react-dom\\cjs\\react-dom-test-utils.development.js:1740:10)\n    at C:\\Users\\prabh\\OneDrive\\Desktop\\geminicoder\\node_modules\\@testing-library\\react\\dist\\act-compat.js:63:25\n    at C:\\Users\\prabh\\OneDrive\\Desktop\\geminicoder\\node_modules\\@testing-library\\react\\dist\\pure.js:261:28\n    at Array.forEach (<anonymous>)\n    at cleanup (C:\\Users\\prabh\\OneDrive\\Desktop\\geminicoder\\node_modules\\@testing-library\\react\\dist\\pure.js:257:22)\n    at C:\\Users\\prabh\\OneDrive\\Desktop\\geminicoder\\node_modules\\@testing-library\\react\\dist\\index.js:35:25"],"meta":{}},{"ancestorTitles":["Feature Flag React Hooks","FeatureGate Component"],"fullName":"Feature Flag React Hooks FeatureGate Component should render children when feature is enabled","status":"failed","title":"should render children when feature is enabled","duration":1.8378999999999905,"failureMessages":["ReferenceError: window is not defined\n    at getCurrentEventPriority (C:\\Users\\prabh\\OneDrive\\Desktop\\geminicoder\\node_modules\\react-dom\\cjs\\react-dom.development.js:10993:22)\n    at requestUpdateLane (C:\\Users\\prabh\\OneDrive\\Desktop\\geminicoder\\node_modules\\react-dom\\cjs\\react-dom.development.js:25495:19)\n    at updateContainer (C:\\Users\\prabh\\OneDrive\\Desktop\\geminicoder\\node_modules\\react-dom\\cjs\\react-dom.development.js:28854:14)\n    at ReactDOMRoot.ReactDOMHydrationRoot.render.ReactDOMRoot.render [as render] (C:\\Users\\prabh\\OneDrive\\Desktop\\geminicoder\\node_modules\\react-dom\\cjs\\react-dom.development.js:29353:3)\n    at Object.render (C:\\Users\\prabh\\OneDrive\\Desktop\\geminicoder\\node_modules\\@testing-library\\react\\dist\\pure.js:122:12)\n    at C:\\Users\\prabh\\OneDrive\\Desktop\\geminicoder\\node_modules\\@testing-library\\react\\dist\\pure.js:163:12\n    at C:\\Users\\prabh\\OneDrive\\Desktop\\geminicoder\\node_modules\\@testing-library\\react\\dist\\act-compat.js:64:24\n    at act (C:\\Users\\prabh\\OneDrive\\Desktop\\geminicoder\\node_modules\\react\\cjs\\react.development.js:2512:16)\n    at actWithWarning (C:\\Users\\prabh\\OneDrive\\Desktop\\geminicoder\\node_modules\\react-dom\\cjs\\react-dom-test-utils.development.js:1740:10)\n    at C:\\Users\\prabh\\OneDrive\\Desktop\\geminicoder\\node_modules\\@testing-library\\react\\dist\\act-compat.js:63:25","Error: Should not already be working.\n    at performSyncWorkOnRoot (C:\\Users\\prabh\\OneDrive\\Desktop\\geminicoder\\node_modules\\react-dom\\cjs\\react-dom.development.js:26112:11)\n    at flushSyncCallbacks (C:\\Users\\prabh\\OneDrive\\Desktop\\geminicoder\\node_modules\\react-dom\\cjs\\react-dom.development.js:12042:22)\n    at flushActQueue (C:\\Users\\prabh\\OneDrive\\Desktop\\geminicoder\\node_modules\\react\\cjs\\react.development.js:2667:24)\n    at act (C:\\Users\\prabh\\OneDrive\\Desktop\\geminicoder\\node_modules\\react\\cjs\\react.development.js:2582:11)\n    at actWithWarning (C:\\Users\\prabh\\OneDrive\\Desktop\\geminicoder\\node_modules\\react-dom\\cjs\\react-dom-test-utils.development.js:1740:10)\n    at C:\\Users\\prabh\\OneDrive\\Desktop\\geminicoder\\node_modules\\@testing-library\\react\\dist\\act-compat.js:63:25\n    at C:\\Users\\prabh\\OneDrive\\Desktop\\geminicoder\\node_modules\\@testing-library\\react\\dist\\pure.js:261:28\n    at Array.forEach (<anonymous>)\n    at cleanup (C:\\Users\\prabh\\OneDrive\\Desktop\\geminicoder\\node_modules\\@testing-library\\react\\dist\\pure.js:257:22)\n    at C:\\Users\\prabh\\OneDrive\\Desktop\\geminicoder\\node_modules\\@testing-library\\react\\dist\\index.js:35:25"],"meta":{}},{"ancestorTitles":["Feature Flag React Hooks","FeatureGate Component"],"fullName":"Feature Flag React Hooks FeatureGate Component should not render children when feature is disabled","status":"failed","title":"should not render children when feature is disabled","duration":2.2430999999996857,"failureMessages":["ReferenceError: window is not defined\n    at getCurrentEventPriority (C:\\Users\\prabh\\OneDrive\\Desktop\\geminicoder\\node_modules\\react-dom\\cjs\\react-dom.development.js:10993:22)\n    at requestUpdateLane (C:\\Users\\prabh\\OneDrive\\Desktop\\geminicoder\\node_modules\\react-dom\\cjs\\react-dom.development.js:25495:19)\n    at updateContainer (C:\\Users\\prabh\\OneDrive\\Desktop\\geminicoder\\node_modules\\react-dom\\cjs\\react-dom.development.js:28854:14)\n    at ReactDOMRoot.ReactDOMHydrationRoot.render.ReactDOMRoot.render [as render] (C:\\Users\\prabh\\OneDrive\\Desktop\\geminicoder\\node_modules\\react-dom\\cjs\\react-dom.development.js:29353:3)\n    at Object.render (C:\\Users\\prabh\\OneDrive\\Desktop\\geminicoder\\node_modules\\@testing-library\\react\\dist\\pure.js:122:12)\n    at C:\\Users\\prabh\\OneDrive\\Desktop\\geminicoder\\node_modules\\@testing-library\\react\\dist\\pure.js:163:12\n    at C:\\Users\\prabh\\OneDrive\\Desktop\\geminicoder\\node_modules\\@testing-library\\react\\dist\\act-compat.js:64:24\n    at act (C:\\Users\\prabh\\OneDrive\\Desktop\\geminicoder\\node_modules\\react\\cjs\\react.development.js:2512:16)\n    at actWithWarning (C:\\Users\\prabh\\OneDrive\\Desktop\\geminicoder\\node_modules\\react-dom\\cjs\\react-dom-test-utils.development.js:1740:10)\n    at C:\\Users\\prabh\\OneDrive\\Desktop\\geminicoder\\node_modules\\@testing-library\\react\\dist\\act-compat.js:63:25","Error: Should not already be working.\n    at performSyncWorkOnRoot (C:\\Users\\prabh\\OneDrive\\Desktop\\geminicoder\\node_modules\\react-dom\\cjs\\react-dom.development.js:26112:11)\n    at flushSyncCallbacks (C:\\Users\\prabh\\OneDrive\\Desktop\\geminicoder\\node_modules\\react-dom\\cjs\\react-dom.development.js:12042:22)\n    at flushActQueue (C:\\Users\\prabh\\OneDrive\\Desktop\\geminicoder\\node_modules\\react\\cjs\\react.development.js:2667:24)\n    at act (C:\\Users\\prabh\\OneDrive\\Desktop\\geminicoder\\node_modules\\react\\cjs\\react.development.js:2582:11)\n    at actWithWarning (C:\\Users\\prabh\\OneDrive\\Desktop\\geminicoder\\node_modules\\react-dom\\cjs\\react-dom-test-utils.development.js:1740:10)\n    at C:\\Users\\prabh\\OneDrive\\Desktop\\geminicoder\\node_modules\\@testing-library\\react\\dist\\act-compat.js:63:25\n    at C:\\Users\\prabh\\OneDrive\\Desktop\\geminicoder\\node_modules\\@testing-library\\react\\dist\\pure.js:261:28\n    at Array.forEach (<anonymous>)\n    at cleanup (C:\\Users\\prabh\\OneDrive\\Desktop\\geminicoder\\node_modules\\@testing-library\\react\\dist\\pure.js:257:22)\n    at C:\\Users\\prabh\\OneDrive\\Desktop\\geminicoder\\node_modules\\@testing-library\\react\\dist\\index.js:35:25"],"meta":{}},{"ancestorTitles":["Feature Flag React Hooks","FeatureGate Component"],"fullName":"Feature Flag React Hooks FeatureGate Component should render fallback when feature is disabled","status":"failed","title":"should render fallback when feature is disabled","duration":2.875799999999799,"failureMessages":["ReferenceError: window is not defined\n    at getCurrentEventPriority (C:\\Users\\prabh\\OneDrive\\Desktop\\geminicoder\\node_modules\\react-dom\\cjs\\react-dom.development.js:10993:22)\n    at requestUpdateLane (C:\\Users\\prabh\\OneDrive\\Desktop\\geminicoder\\node_modules\\react-dom\\cjs\\react-dom.development.js:25495:19)\n    at updateContainer (C:\\Users\\prabh\\OneDrive\\Desktop\\geminicoder\\node_modules\\react-dom\\cjs\\react-dom.development.js:28854:14)\n    at ReactDOMRoot.ReactDOMHydrationRoot.render.ReactDOMRoot.render [as render] (C:\\Users\\prabh\\OneDrive\\Desktop\\geminicoder\\node_modules\\react-dom\\cjs\\react-dom.development.js:29353:3)\n    at Object.render (C:\\Users\\prabh\\OneDrive\\Desktop\\geminicoder\\node_modules\\@testing-library\\react\\dist\\pure.js:122:12)\n    at C:\\Users\\prabh\\OneDrive\\Desktop\\geminicoder\\node_modules\\@testing-library\\react\\dist\\pure.js:163:12\n    at C:\\Users\\prabh\\OneDrive\\Desktop\\geminicoder\\node_modules\\@testing-library\\react\\dist\\act-compat.js:64:24\n    at act (C:\\Users\\prabh\\OneDrive\\Desktop\\geminicoder\\node_modules\\react\\cjs\\react.development.js:2512:16)\n    at actWithWarning (C:\\Users\\prabh\\OneDrive\\Desktop\\geminicoder\\node_modules\\react-dom\\cjs\\react-dom-test-utils.development.js:1740:10)\n    at C:\\Users\\prabh\\OneDrive\\Desktop\\geminicoder\\node_modules\\@testing-library\\react\\dist\\act-compat.js:63:25","Error: Should not already be working.\n    at performSyncWorkOnRoot (C:\\Users\\prabh\\OneDrive\\Desktop\\geminicoder\\node_modules\\react-dom\\cjs\\react-dom.development.js:26112:11)\n    at flushSyncCallbacks (C:\\Users\\prabh\\OneDrive\\Desktop\\geminicoder\\node_modules\\react-dom\\cjs\\react-dom.development.js:12042:22)\n    at flushActQueue (C:\\Users\\prabh\\OneDrive\\Desktop\\geminicoder\\node_modules\\react\\cjs\\react.development.js:2667:24)\n    at act (C:\\Users\\prabh\\OneDrive\\Desktop\\geminicoder\\node_modules\\react\\cjs\\react.development.js:2582:11)\n    at actWithWarning (C:\\Users\\prabh\\OneDrive\\Desktop\\geminicoder\\node_modules\\react-dom\\cjs\\react-dom-test-utils.development.js:1740:10)\n    at C:\\Users\\prabh\\OneDrive\\Desktop\\geminicoder\\node_modules\\@testing-library\\react\\dist\\act-compat.js:63:25\n    at C:\\Users\\prabh\\OneDrive\\Desktop\\geminicoder\\node_modules\\@testing-library\\react\\dist\\pure.js:261:28\n    at Array.forEach (<anonymous>)\n    at cleanup (C:\\Users\\prabh\\OneDrive\\Desktop\\geminicoder\\node_modules\\@testing-library\\react\\dist\\pure.js:257:22)\n    at C:\\Users\\prabh\\OneDrive\\Desktop\\geminicoder\\node_modules\\@testing-library\\react\\dist\\index.js:35:25"],"meta":{}},{"ancestorTitles":["Feature Flag React Hooks","FeatureDisabled Component"],"fullName":"Feature Flag React Hooks FeatureDisabled Component should render children when feature is disabled","status":"failed","title":"should render children when feature is disabled","duration":3.145999999999731,"failureMessages":["ReferenceError: window is not defined\n    at getCurrentEventPriority (C:\\Users\\prabh\\OneDrive\\Desktop\\geminicoder\\node_modules\\react-dom\\cjs\\react-dom.development.js:10993:22)\n    at requestUpdateLane (C:\\Users\\prabh\\OneDrive\\Desktop\\geminicoder\\node_modules\\react-dom\\cjs\\react-dom.development.js:25495:19)\n    at updateContainer (C:\\Users\\prabh\\OneDrive\\Desktop\\geminicoder\\node_modules\\react-dom\\cjs\\react-dom.development.js:28854:14)\n    at ReactDOMRoot.ReactDOMHydrationRoot.render.ReactDOMRoot.render [as render] (C:\\Users\\prabh\\OneDrive\\Desktop\\geminicoder\\node_modules\\react-dom\\cjs\\react-dom.development.js:29353:3)\n    at Object.render (C:\\Users\\prabh\\OneDrive\\Desktop\\geminicoder\\node_modules\\@testing-library\\react\\dist\\pure.js:122:12)\n    at C:\\Users\\prabh\\OneDrive\\Desktop\\geminicoder\\node_modules\\@testing-library\\react\\dist\\pure.js:163:12\n    at C:\\Users\\prabh\\OneDrive\\Desktop\\geminicoder\\node_modules\\@testing-library\\react\\dist\\act-compat.js:64:24\n    at act (C:\\Users\\prabh\\OneDrive\\Desktop\\geminicoder\\node_modules\\react\\cjs\\react.development.js:2512:16)\n    at actWithWarning (C:\\Users\\prabh\\OneDrive\\Desktop\\geminicoder\\node_modules\\react-dom\\cjs\\react-dom-test-utils.development.js:1740:10)\n    at C:\\Users\\prabh\\OneDrive\\Desktop\\geminicoder\\node_modules\\@testing-library\\react\\dist\\act-compat.js:63:25","Error: Should not already be working.\n    at performSyncWorkOnRoot (C:\\Users\\prabh\\OneDrive\\Desktop\\geminicoder\\node_modules\\react-dom\\cjs\\react-dom.development.js:26112:11)\n    at flushSyncCallbacks (C:\\Users\\prabh\\OneDrive\\Desktop\\geminicoder\\node_modules\\react-dom\\cjs\\react-dom.development.js:12042:22)\n    at flushActQueue (C:\\Users\\prabh\\OneDrive\\Desktop\\geminicoder\\node_modules\\react\\cjs\\react.development.js:2667:24)\n    at act (C:\\Users\\prabh\\OneDrive\\Desktop\\geminicoder\\node_modules\\react\\cjs\\react.development.js:2582:11)\n    at actWithWarning (C:\\Users\\prabh\\OneDrive\\Desktop\\geminicoder\\node_modules\\react-dom\\cjs\\react-dom-test-utils.development.js:1740:10)\n    at C:\\Users\\prabh\\OneDrive\\Desktop\\geminicoder\\node_modules\\@testing-library\\react\\dist\\act-compat.js:63:25\n    at C:\\Users\\prabh\\OneDrive\\Desktop\\geminicoder\\node_modules\\@testing-library\\react\\dist\\pure.js:261:28\n    at Array.forEach (<anonymous>)\n    at cleanup (C:\\Users\\prabh\\OneDrive\\Desktop\\geminicoder\\node_modules\\@testing-library\\react\\dist\\pure.js:257:22)\n    at C:\\Users\\prabh\\OneDrive\\Desktop\\geminicoder\\node_modules\\@testing-library\\react\\dist\\index.js:35:25"],"meta":{}},{"ancestorTitles":["Feature Flag React Hooks","FeatureDisabled Component"],"fullName":"Feature Flag React Hooks FeatureDisabled Component should not render children when feature is enabled","status":"failed","title":"should not render children when feature is enabled","duration":2.386800000000221,"failureMessages":["ReferenceError: window is not defined\n    at getCurrentEventPriority (C:\\Users\\prabh\\OneDrive\\Desktop\\geminicoder\\node_modules\\react-dom\\cjs\\react-dom.development.js:10993:22)\n    at requestUpdateLane (C:\\Users\\prabh\\OneDrive\\Desktop\\geminicoder\\node_modules\\react-dom\\cjs\\react-dom.development.js:25495:19)\n    at updateContainer (C:\\Users\\prabh\\OneDrive\\Desktop\\geminicoder\\node_modules\\react-dom\\cjs\\react-dom.development.js:28854:14)\n    at ReactDOMRoot.ReactDOMHydrationRoot.render.ReactDOMRoot.render [as render] (C:\\Users\\prabh\\OneDrive\\Desktop\\geminicoder\\node_modules\\react-dom\\cjs\\react-dom.development.js:29353:3)\n    at Object.render (C:\\Users\\prabh\\OneDrive\\Desktop\\geminicoder\\node_modules\\@testing-library\\react\\dist\\pure.js:122:12)\n    at C:\\Users\\prabh\\OneDrive\\Desktop\\geminicoder\\node_modules\\@testing-library\\react\\dist\\pure.js:163:12\n    at C:\\Users\\prabh\\OneDrive\\Desktop\\geminicoder\\node_modules\\@testing-library\\react\\dist\\act-compat.js:64:24\n    at act (C:\\Users\\prabh\\OneDrive\\Desktop\\geminicoder\\node_modules\\react\\cjs\\react.development.js:2512:16)\n    at actWithWarning (C:\\Users\\prabh\\OneDrive\\Desktop\\geminicoder\\node_modules\\react-dom\\cjs\\react-dom-test-utils.development.js:1740:10)\n    at C:\\Users\\prabh\\OneDrive\\Desktop\\geminicoder\\node_modules\\@testing-library\\react\\dist\\act-compat.js:63:25","Error: Should not already be working.\n    at performSyncWorkOnRoot (C:\\Users\\prabh\\OneDrive\\Desktop\\geminicoder\\node_modules\\react-dom\\cjs\\react-dom.development.js:26112:11)\n    at flushSyncCallbacks (C:\\Users\\prabh\\OneDrive\\Desktop\\geminicoder\\node_modules\\react-dom\\cjs\\react-dom.development.js:12042:22)\n    at flushActQueue (C:\\Users\\prabh\\OneDrive\\Desktop\\geminicoder\\node_modules\\react\\cjs\\react.development.js:2667:24)\n    at act (C:\\Users\\prabh\\OneDrive\\Desktop\\geminicoder\\node_modules\\react\\cjs\\react.development.js:2582:11)\n    at actWithWarning (C:\\Users\\prabh\\OneDrive\\Desktop\\geminicoder\\node_modules\\react-dom\\cjs\\react-dom-test-utils.development.js:1740:10)\n    at C:\\Users\\prabh\\OneDrive\\Desktop\\geminicoder\\node_modules\\@testing-library\\react\\dist\\act-compat.js:63:25\n    at C:\\Users\\prabh\\OneDrive\\Desktop\\geminicoder\\node_modules\\@testing-library\\react\\dist\\pure.js:261:28\n    at Array.forEach (<anonymous>)\n    at cleanup (C:\\Users\\prabh\\OneDrive\\Desktop\\geminicoder\\node_modules\\@testing-library\\react\\dist\\pure.js:257:22)\n    at C:\\Users\\prabh\\OneDrive\\Desktop\\geminicoder\\node_modules\\@testing-library\\react\\dist\\index.js:35:25"],"meta":{}},{"ancestorTitles":["Feature Flag React Hooks","useFeatureFlagDebug Hook"],"fullName":"Feature Flag React Hooks useFeatureFlagDebug Hook should provide debug functions","status":"failed","title":"should provide debug functions","duration":2.0448999999998705,"failureMessages":["ReferenceError: window is not defined\n    at getCurrentEventPriority (C:\\Users\\prabh\\OneDrive\\Desktop\\geminicoder\\node_modules\\react-dom\\cjs\\react-dom.development.js:10993:22)\n    at requestUpdateLane (C:\\Users\\prabh\\OneDrive\\Desktop\\geminicoder\\node_modules\\react-dom\\cjs\\react-dom.development.js:25495:19)\n    at updateContainer (C:\\Users\\prabh\\OneDrive\\Desktop\\geminicoder\\node_modules\\react-dom\\cjs\\react-dom.development.js:28854:14)\n    at ReactDOMRoot.ReactDOMHydrationRoot.render.ReactDOMRoot.render [as render] (C:\\Users\\prabh\\OneDrive\\Desktop\\geminicoder\\node_modules\\react-dom\\cjs\\react-dom.development.js:29353:3)\n    at Object.render (C:\\Users\\prabh\\OneDrive\\Desktop\\geminicoder\\node_modules\\@testing-library\\react\\dist\\pure.js:122:12)\n    at C:\\Users\\prabh\\OneDrive\\Desktop\\geminicoder\\node_modules\\@testing-library\\react\\dist\\pure.js:163:12\n    at C:\\Users\\prabh\\OneDrive\\Desktop\\geminicoder\\node_modules\\@testing-library\\react\\dist\\act-compat.js:64:24\n    at act (C:\\Users\\prabh\\OneDrive\\Desktop\\geminicoder\\node_modules\\react\\cjs\\react.development.js:2512:16)\n    at actWithWarning (C:\\Users\\prabh\\OneDrive\\Desktop\\geminicoder\\node_modules\\react-dom\\cjs\\react-dom-test-utils.development.js:1740:10)\n    at C:\\Users\\prabh\\OneDrive\\Desktop\\geminicoder\\node_modules\\@testing-library\\react\\dist\\act-compat.js:63:25","Error: Should not already be working.\n    at performSyncWorkOnRoot (C:\\Users\\prabh\\OneDrive\\Desktop\\geminicoder\\node_modules\\react-dom\\cjs\\react-dom.development.js:26112:11)\n    at flushSyncCallbacks (C:\\Users\\prabh\\OneDrive\\Desktop\\geminicoder\\node_modules\\react-dom\\cjs\\react-dom.development.js:12042:22)\n    at flushActQueue (C:\\Users\\prabh\\OneDrive\\Desktop\\geminicoder\\node_modules\\react\\cjs\\react.development.js:2667:24)\n    at act (C:\\Users\\prabh\\OneDrive\\Desktop\\geminicoder\\node_modules\\react\\cjs\\react.development.js:2582:11)\n    at actWithWarning (C:\\Users\\prabh\\OneDrive\\Desktop\\geminicoder\\node_modules\\react-dom\\cjs\\react-dom-test-utils.development.js:1740:10)\n    at C:\\Users\\prabh\\OneDrive\\Desktop\\geminicoder\\node_modules\\@testing-library\\react\\dist\\act-compat.js:63:25\n    at C:\\Users\\prabh\\OneDrive\\Desktop\\geminicoder\\node_modules\\@testing-library\\react\\dist\\pure.js:261:28\n    at Array.forEach (<anonymous>)\n    at cleanup (C:\\Users\\prabh\\OneDrive\\Desktop\\geminicoder\\node_modules\\@testing-library\\react\\dist\\pure.js:257:22)\n    at C:\\Users\\prabh\\OneDrive\\Desktop\\geminicoder\\node_modules\\@testing-library\\react\\dist\\index.js:35:25"],"meta":{}},{"ancestorTitles":["Feature Flag React Hooks","Utility Functions"],"fullName":"Feature Flag React Hooks Utility Functions isValidFeatureFlag should validate feature names","status":"passed","title":"isValidFeatureFlag should validate feature names","duration":0.9718000000002576,"failureMessages":[],"meta":{}},{"ancestorTitles":["Feature Flag React Hooks","Utility Functions"],"fullName":"Feature Flag React Hooks Utility Functions createFeatureDependentValue should return correct values","status":"passed","title":"createFeatureDependentValue should return correct values","duration":0.5435999999999694,"failureMessages":[],"meta":{}},{"ancestorTitles":["Feature Flag React Hooks","Performance and Memory"],"fullName":"Feature Flag React Hooks Performance and Memory should not cause memory leaks with multiple renders","status":"failed","title":"should not cause memory leaks with multiple renders","duration":1.2480000000000473,"failureMessages":["ReferenceError: window is not defined\n    at getCurrentEventPriority (C:\\Users\\prabh\\OneDrive\\Desktop\\geminicoder\\node_modules\\react-dom\\cjs\\react-dom.development.js:10993:22)\n    at requestUpdateLane (C:\\Users\\prabh\\OneDrive\\Desktop\\geminicoder\\node_modules\\react-dom\\cjs\\react-dom.development.js:25495:19)\n    at updateContainer (C:\\Users\\prabh\\OneDrive\\Desktop\\geminicoder\\node_modules\\react-dom\\cjs\\react-dom.development.js:28854:14)\n    at ReactDOMRoot.ReactDOMHydrationRoot.render.ReactDOMRoot.render [as render] (C:\\Users\\prabh\\OneDrive\\Desktop\\geminicoder\\node_modules\\react-dom\\cjs\\react-dom.development.js:29353:3)\n    at Object.render (C:\\Users\\prabh\\OneDrive\\Desktop\\geminicoder\\node_modules\\@testing-library\\react\\dist\\pure.js:122:12)\n    at C:\\Users\\prabh\\OneDrive\\Desktop\\geminicoder\\node_modules\\@testing-library\\react\\dist\\pure.js:163:12\n    at C:\\Users\\prabh\\OneDrive\\Desktop\\geminicoder\\node_modules\\@testing-library\\react\\dist\\act-compat.js:64:24\n    at act (C:\\Users\\prabh\\OneDrive\\Desktop\\geminicoder\\node_modules\\react\\cjs\\react.development.js:2512:16)\n    at actWithWarning (C:\\Users\\prabh\\OneDrive\\Desktop\\geminicoder\\node_modules\\react-dom\\cjs\\react-dom-test-utils.development.js:1740:10)\n    at C:\\Users\\prabh\\OneDrive\\Desktop\\geminicoder\\node_modules\\@testing-library\\react\\dist\\act-compat.js:63:25","Error: Should not already be working.\n    at performSyncWorkOnRoot (C:\\Users\\prabh\\OneDrive\\Desktop\\geminicoder\\node_modules\\react-dom\\cjs\\react-dom.development.js:26112:11)\n    at flushSyncCallbacks (C:\\Users\\prabh\\OneDrive\\Desktop\\geminicoder\\node_modules\\react-dom\\cjs\\react-dom.development.js:12042:22)\n    at flushActQueue (C:\\Users\\prabh\\OneDrive\\Desktop\\geminicoder\\node_modules\\react\\cjs\\react.development.js:2667:24)\n    at act (C:\\Users\\prabh\\OneDrive\\Desktop\\geminicoder\\node_modules\\react\\cjs\\react.development.js:2582:11)\n    at actWithWarning (C:\\Users\\prabh\\OneDrive\\Desktop\\geminicoder\\node_modules\\react-dom\\cjs\\react-dom-test-utils.development.js:1740:10)\n    at C:\\Users\\prabh\\OneDrive\\Desktop\\geminicoder\\node_modules\\@testing-library\\react\\dist\\act-compat.js:63:25\n    at C:\\Users\\prabh\\OneDrive\\Desktop\\geminicoder\\node_modules\\@testing-library\\react\\dist\\pure.js:261:28\n    at Array.forEach (<anonymous>)\n    at cleanup (C:\\Users\\prabh\\OneDrive\\Desktop\\geminicoder\\node_modules\\@testing-library\\react\\dist\\pure.js:257:22)\n    at C:\\Users\\prabh\\OneDrive\\Desktop\\geminicoder\\node_modules\\@testing-library\\react\\dist\\index.js:35:25"],"meta":{}},{"ancestorTitles":["Feature Flag React Hooks","Performance and Memory"],"fullName":"Feature Flag React Hooks Performance and Memory should memoize results correctly","status":"failed","title":"should memoize results correctly","duration":2.4063999999998487,"failureMessages":["ReferenceError: window is not defined\n    at getCurrentEventPriority (C:\\Users\\prabh\\OneDrive\\Desktop\\geminicoder\\node_modules\\react-dom\\cjs\\react-dom.development.js:10993:22)\n    at requestUpdateLane (C:\\Users\\prabh\\OneDrive\\Desktop\\geminicoder\\node_modules\\react-dom\\cjs\\react-dom.development.js:25495:19)\n    at updateContainer (C:\\Users\\prabh\\OneDrive\\Desktop\\geminicoder\\node_modules\\react-dom\\cjs\\react-dom.development.js:28854:14)\n    at ReactDOMRoot.ReactDOMHydrationRoot.render.ReactDOMRoot.render [as render] (C:\\Users\\prabh\\OneDrive\\Desktop\\geminicoder\\node_modules\\react-dom\\cjs\\react-dom.development.js:29353:3)\n    at Object.render (C:\\Users\\prabh\\OneDrive\\Desktop\\geminicoder\\node_modules\\@testing-library\\react\\dist\\pure.js:122:12)\n    at C:\\Users\\prabh\\OneDrive\\Desktop\\geminicoder\\node_modules\\@testing-library\\react\\dist\\pure.js:163:12\n    at C:\\Users\\prabh\\OneDrive\\Desktop\\geminicoder\\node_modules\\@testing-library\\react\\dist\\act-compat.js:64:24\n    at act (C:\\Users\\prabh\\OneDrive\\Desktop\\geminicoder\\node_modules\\react\\cjs\\react.development.js:2512:16)\n    at actWithWarning (C:\\Users\\prabh\\OneDrive\\Desktop\\geminicoder\\node_modules\\react-dom\\cjs\\react-dom-test-utils.development.js:1740:10)\n    at C:\\Users\\prabh\\OneDrive\\Desktop\\geminicoder\\node_modules\\@testing-library\\react\\dist\\act-compat.js:63:25","Error: Should not already be working.\n    at performSyncWorkOnRoot (C:\\Users\\prabh\\OneDrive\\Desktop\\geminicoder\\node_modules\\react-dom\\cjs\\react-dom.development.js:26112:11)\n    at flushSyncCallbacks (C:\\Users\\prabh\\OneDrive\\Desktop\\geminicoder\\node_modules\\react-dom\\cjs\\react-dom.development.js:12042:22)\n    at flushActQueue (C:\\Users\\prabh\\OneDrive\\Desktop\\geminicoder\\node_modules\\react\\cjs\\react.development.js:2667:24)\n    at act (C:\\Users\\prabh\\OneDrive\\Desktop\\geminicoder\\node_modules\\react\\cjs\\react.development.js:2582:11)\n    at actWithWarning (C:\\Users\\prabh\\OneDrive\\Desktop\\geminicoder\\node_modules\\react-dom\\cjs\\react-dom-test-utils.development.js:1740:10)\n    at C:\\Users\\prabh\\OneDrive\\Desktop\\geminicoder\\node_modules\\@testing-library\\react\\dist\\act-compat.js:63:25\n    at C:\\Users\\prabh\\OneDrive\\Desktop\\geminicoder\\node_modules\\@testing-library\\react\\dist\\pure.js:261:28\n    at Array.forEach (<anonymous>)\n    at cleanup (C:\\Users\\prabh\\OneDrive\\Desktop\\geminicoder\\node_modules\\@testing-library\\react\\dist\\pure.js:257:22)\n    at C:\\Users\\prabh\\OneDrive\\Desktop\\geminicoder\\node_modules\\@testing-library\\react\\dist\\index.js:35:25"],"meta":{}}],"startTime":1751345125190,"endTime":1751345125279.4065,"status":"failed","message":"","name":"C:/Users/prabh/OneDrive/Desktop/geminicoder/__tests__/hooks/shared/useFeatureFlag.test.tsx"},{"assertionResults":[{"ancestorTitles":["Feature Flags System","Environment Variable Parsing"],"fullName":"Feature Flags System Environment Variable Parsing should parse true values correctly","status":"passed","title":"should parse true values correctly","duration":8.64220000000023,"failureMessages":[],"meta":{}},{"ancestorTitles":["Feature Flags System","Environment Variable Parsing"],"fullName":"Feature Flags System Environment Variable Parsing should parse false values correctly","status":"passed","title":"should parse false values correctly","duration":5.695099999999911,"failureMessages":[],"meta":{}},{"ancestorTitles":["Feature Flags System","Environment Variable Parsing"],"fullName":"Feature Flags System Environment Variable Parsing should handle case insensitive values","status":"failed","title":"should handle case insensitive values","duration":7.859200000000328,"failureMessages":["Error: Cannot find module '@/lib/config/FeatureFlags'\nRequire stack:\n- C:\\Users\\prabh\\OneDrive\\Desktop\\geminicoder\\__tests__\\lib\\config\\FeatureFlags.test.ts\n    at Function.Module._resolveFilename (node:internal/modules/cjs/loader:1212:15)\n    at Function.resolve (node:internal/modules/helpers:193:19)\n    at C:\\Users\\prabh\\OneDrive\\Desktop\\geminicoder\\__tests__\\lib\\config\\FeatureFlags.test.ts:87:36\n    at file:///C:/Users/prabh/OneDrive/Desktop/geminicoder/node_modules/@vitest/runner/dist/index.js:146:14\n    at file:///C:/Users/prabh/OneDrive/Desktop/geminicoder/node_modules/@vitest/runner/dist/index.js:529:11\n    at runWithTimeout (file:///C:/Users/prabh/OneDrive/Desktop/geminicoder/node_modules/@vitest/runner/dist/index.js:61:7)\n    at runTest (file:///C:/Users/prabh/OneDrive/Desktop/geminicoder/node_modules/@vitest/runner/dist/index.js:982:17)\n    at processTicksAndRejections (node:internal/process/task_queues:95:5)\n    at runSuite (file:///C:/Users/prabh/OneDrive/Desktop/geminicoder/node_modules/@vitest/runner/dist/index.js:1131:15)\n    at runSuite (file:///C:/Users/prabh/OneDrive/Desktop/geminicoder/node_modules/@vitest/runner/dist/index.js:1131:15)"],"meta":{}},{"ancestorTitles":["Feature Flags System","Environment Variable Parsing"],"fullName":"Feature Flags System Environment Variable Parsing should use default values for undefined environment variables","status":"passed","title":"should use default values for undefined environment variables","duration":8.365500000000338,"failureMessages":[],"meta":{}},{"ancestorTitles":["Feature Flags System","Environment Variable Parsing"],"fullName":"Feature Flags System Environment Variable Parsing should handle invalid environment variable values","status":"failed","title":"should handle invalid environment variable values","duration":2.096400000000358,"failureMessages":["Error: Cannot find module '@/lib/config/FeatureFlags'\nRequire stack:\n- C:\\Users\\prabh\\OneDrive\\Desktop\\geminicoder\\__tests__\\lib\\config\\FeatureFlags.test.ts\n    at Function.Module._resolveFilename (node:internal/modules/cjs/loader:1212:15)\n    at Function.resolve (node:internal/modules/helpers:193:19)\n    at C:\\Users\\prabh\\OneDrive\\Desktop\\geminicoder\\__tests__\\lib\\config\\FeatureFlags.test.ts:114:36\n    at file:///C:/Users/prabh/OneDrive/Desktop/geminicoder/node_modules/@vitest/runner/dist/index.js:146:14\n    at file:///C:/Users/prabh/OneDrive/Desktop/geminicoder/node_modules/@vitest/runner/dist/index.js:529:11\n    at runWithTimeout (file:///C:/Users/prabh/OneDrive/Desktop/geminicoder/node_modules/@vitest/runner/dist/index.js:61:7)\n    at runTest (file:///C:/Users/prabh/OneDrive/Desktop/geminicoder/node_modules/@vitest/runner/dist/index.js:982:17)\n    at processTicksAndRejections (node:internal/process/task_queues:95:5)\n    at runSuite (file:///C:/Users/prabh/OneDrive/Desktop/geminicoder/node_modules/@vitest/runner/dist/index.js:1131:15)\n    at runSuite (file:///C:/Users/prabh/OneDrive/Desktop/geminicoder/node_modules/@vitest/runner/dist/index.js:1131:15)"],"meta":{}},{"ancestorTitles":["Feature Flags System","Feature Flag Functions"],"fullName":"Feature Flags System Feature Flag Functions isFeatureEnabled should return correct boolean values","status":"passed","title":"isFeatureEnabled should return correct boolean values","duration":0.6176000000000386,"failureMessages":[],"meta":{}},{"ancestorTitles":["Feature Flags System","Feature Flag Functions"],"fullName":"Feature Flags System Feature Flag Functions getAllFeatureFlags should return complete FeatureFlags object","status":"passed","title":"getAllFeatureFlags should return complete FeatureFlags object","duration":1.8324000000002343,"failureMessages":[],"meta":{}},{"ancestorTitles":["Feature Flags System","Feature Flag Functions"],"fullName":"Feature Flags System Feature Flag Functions getEnabledFeatures should return only enabled features","status":"failed","title":"getEnabledFeatures should return only enabled features","duration":1.7842999999998028,"failureMessages":["Error: Cannot find module '@/lib/config/FeatureFlags'\nRequire stack:\n- C:\\Users\\prabh\\OneDrive\\Desktop\\geminicoder\\__tests__\\lib\\config\\FeatureFlags.test.ts\n    at Function.Module._resolveFilename (node:internal/modules/cjs/loader:1212:15)\n    at Function.resolve (node:internal/modules/helpers:193:19)\n    at C:\\Users\\prabh\\OneDrive\\Desktop\\geminicoder\\__tests__\\lib\\config\\FeatureFlags.test.ts:160:36\n    at file:///C:/Users/prabh/OneDrive/Desktop/geminicoder/node_modules/@vitest/runner/dist/index.js:146:14\n    at file:///C:/Users/prabh/OneDrive/Desktop/geminicoder/node_modules/@vitest/runner/dist/index.js:529:11\n    at runWithTimeout (file:///C:/Users/prabh/OneDrive/Desktop/geminicoder/node_modules/@vitest/runner/dist/index.js:61:7)\n    at runTest (file:///C:/Users/prabh/OneDrive/Desktop/geminicoder/node_modules/@vitest/runner/dist/index.js:982:17)\n    at processTicksAndRejections (node:internal/process/task_queues:95:5)\n    at runSuite (file:///C:/Users/prabh/OneDrive/Desktop/geminicoder/node_modules/@vitest/runner/dist/index.js:1131:15)\n    at runSuite (file:///C:/Users/prabh/OneDrive/Desktop/geminicoder/node_modules/@vitest/runner/dist/index.js:1131:15)"],"meta":{}},{"ancestorTitles":["Feature Flags System","Feature Flag Analytics"],"fullName":"Feature Flags System Feature Flag Analytics getFeatureFlagAnalytics should return correct analytics data","status":"passed","title":"getFeatureFlagAnalytics should return correct analytics data","duration":1.2399000000000342,"failureMessages":[],"meta":{}},{"ancestorTitles":["Feature Flags System","Feature Flag Analytics"],"fullName":"Feature Flags System Feature Flag Analytics analytics should update when flags change","status":"failed","title":"analytics should update when flags change","duration":3.4607999999998356,"failureMessages":["Error: Cannot find module '@/lib/config/FeatureFlags'\nRequire stack:\n- C:\\Users\\prabh\\OneDrive\\Desktop\\geminicoder\\__tests__\\lib\\config\\FeatureFlags.test.ts\n    at Function.Module._resolveFilename (node:internal/modules/cjs/loader:1212:15)\n    at Function.resolve (node:internal/modules/helpers:193:19)\n    at C:\\Users\\prabh\\OneDrive\\Desktop\\geminicoder\\__tests__\\lib\\config\\FeatureFlags.test.ts:218:36\n    at file:///C:/Users/prabh/OneDrive/Desktop/geminicoder/node_modules/@vitest/runner/dist/index.js:146:14\n    at file:///C:/Users/prabh/OneDrive/Desktop/geminicoder/node_modules/@vitest/runner/dist/index.js:529:11\n    at runWithTimeout (file:///C:/Users/prabh/OneDrive/Desktop/geminicoder/node_modules/@vitest/runner/dist/index.js:61:7)\n    at runTest (file:///C:/Users/prabh/OneDrive/Desktop/geminicoder/node_modules/@vitest/runner/dist/index.js:982:17)\n    at processTicksAndRejections (node:internal/process/task_queues:95:5)\n    at runSuite (file:///C:/Users/prabh/OneDrive/Desktop/geminicoder/node_modules/@vitest/runner/dist/index.js:1131:15)\n    at runSuite (file:///C:/Users/prabh/OneDrive/Desktop/geminicoder/node_modules/@vitest/runner/dist/index.js:1131:15)"],"meta":{}},{"ancestorTitles":["Feature Flags System","Feature Flag Validation"],"fullName":"Feature Flags System Feature Flag Validation should validate production environment constraints","status":"failed","title":"should validate production environment constraints","duration":3.512000000000171,"failureMessages":["Error: Cannot find module '@/lib/config/FeatureFlags'\nRequire stack:\n- C:\\Users\\prabh\\OneDrive\\Desktop\\geminicoder\\__tests__\\lib\\config\\FeatureFlags.test.ts\n    at Function.Module._resolveFilename (node:internal/modules/cjs/loader:1212:15)\n    at Function.resolve (node:internal/modules/helpers:193:19)\n    at C:\\Users\\prabh\\OneDrive\\Desktop\\geminicoder\\__tests__\\lib\\config\\FeatureFlags.test.ts:235:36\n    at file:///C:/Users/prabh/OneDrive/Desktop/geminicoder/node_modules/@vitest/runner/dist/index.js:146:14\n    at file:///C:/Users/prabh/OneDrive/Desktop/geminicoder/node_modules/@vitest/runner/dist/index.js:529:11\n    at runWithTimeout (file:///C:/Users/prabh/OneDrive/Desktop/geminicoder/node_modules/@vitest/runner/dist/index.js:61:7)\n    at runTest (file:///C:/Users/prabh/OneDrive/Desktop/geminicoder/node_modules/@vitest/runner/dist/index.js:982:17)\n    at processTicksAndRejections (node:internal/process/task_queues:95:5)\n    at runSuite (file:///C:/Users/prabh/OneDrive/Desktop/geminicoder/node_modules/@vitest/runner/dist/index.js:1131:15)\n    at runSuite (file:///C:/Users/prabh/OneDrive/Desktop/geminicoder/node_modules/@vitest/runner/dist/index.js:1131:15)"],"meta":{}},{"ancestorTitles":["Feature Flags System","Feature Flag Validation"],"fullName":"Feature Flags System Feature Flag Validation should validate feature dependencies","status":"failed","title":"should validate feature dependencies","duration":1.9418000000000575,"failureMessages":["Error: Cannot find module '@/lib/config/FeatureFlags'\nRequire stack:\n- C:\\Users\\prabh\\OneDrive\\Desktop\\geminicoder\\__tests__\\lib\\config\\FeatureFlags.test.ts\n    at Function.Module._resolveFilename (node:internal/modules/cjs/loader:1212:15)\n    at Function.resolve (node:internal/modules/helpers:193:19)\n    at C:\\Users\\prabh\\OneDrive\\Desktop\\geminicoder\\__tests__\\lib\\config\\FeatureFlags.test.ts:252:36\n    at file:///C:/Users/prabh/OneDrive/Desktop/geminicoder/node_modules/@vitest/runner/dist/index.js:146:14\n    at file:///C:/Users/prabh/OneDrive/Desktop/geminicoder/node_modules/@vitest/runner/dist/index.js:529:11\n    at runWithTimeout (file:///C:/Users/prabh/OneDrive/Desktop/geminicoder/node_modules/@vitest/runner/dist/index.js:61:7)\n    at runTest (file:///C:/Users/prabh/OneDrive/Desktop/geminicoder/node_modules/@vitest/runner/dist/index.js:982:17)\n    at processTicksAndRejections (node:internal/process/task_queues:95:5)\n    at runSuite (file:///C:/Users/prabh/OneDrive/Desktop/geminicoder/node_modules/@vitest/runner/dist/index.js:1131:15)\n    at runSuite (file:///C:/Users/prabh/OneDrive/Desktop/geminicoder/node_modules/@vitest/runner/dist/index.js:1131:15)"],"meta":{}},{"ancestorTitles":["Feature Flags System","Feature Flag Validation"],"fullName":"Feature Flags System Feature Flag Validation should pass validation with correct configuration","status":"failed","title":"should pass validation with correct configuration","duration":2.402099999999791,"failureMessages":["Error: Cannot find module '@/lib/config/FeatureFlags'\nRequire stack:\n- C:\\Users\\prabh\\OneDrive\\Desktop\\geminicoder\\__tests__\\lib\\config\\FeatureFlags.test.ts\n    at Function.Module._resolveFilename (node:internal/modules/cjs/loader:1212:15)\n    at Function.resolve (node:internal/modules/helpers:193:19)\n    at C:\\Users\\prabh\\OneDrive\\Desktop\\geminicoder\\__tests__\\lib\\config\\FeatureFlags.test.ts:270:36\n    at file:///C:/Users/prabh/OneDrive/Desktop/geminicoder/node_modules/@vitest/runner/dist/index.js:146:14\n    at file:///C:/Users/prabh/OneDrive/Desktop/geminicoder/node_modules/@vitest/runner/dist/index.js:529:11\n    at runWithTimeout (file:///C:/Users/prabh/OneDrive/Desktop/geminicoder/node_modules/@vitest/runner/dist/index.js:61:7)\n    at runTest (file:///C:/Users/prabh/OneDrive/Desktop/geminicoder/node_modules/@vitest/runner/dist/index.js:982:17)\n    at processTicksAndRejections (node:internal/process/task_queues:95:5)\n    at runSuite (file:///C:/Users/prabh/OneDrive/Desktop/geminicoder/node_modules/@vitest/runner/dist/index.js:1131:15)\n    at runSuite (file:///C:/Users/prabh/OneDrive/Desktop/geminicoder/node_modules/@vitest/runner/dist/index.js:1131:15)"],"meta":{}},{"ancestorTitles":["Feature Flags System","Development Mode Features"],"fullName":"Feature Flags System Development Mode Features should enable debug mode automatically in development","status":"passed","title":"should enable debug mode automatically in development","duration":6.19170000000031,"failureMessages":[],"meta":{}},{"ancestorTitles":["Feature Flags System","Development Mode Features"],"fullName":"Feature Flags System Development Mode Features should respect explicit debug mode setting","status":"failed","title":"should respect explicit debug mode setting","duration":1.9750000000003638,"failureMessages":["Error: Cannot find module '@/lib/config/FeatureFlags'\nRequire stack:\n- C:\\Users\\prabh\\OneDrive\\Desktop\\geminicoder\\__tests__\\lib\\config\\FeatureFlags.test.ts\n    at Function.Module._resolveFilename (node:internal/modules/cjs/loader:1212:15)\n    at Function.resolve (node:internal/modules/helpers:193:19)\n    at C:\\Users\\prabh\\OneDrive\\Desktop\\geminicoder\\__tests__\\lib\\config\\FeatureFlags.test.ts:296:36\n    at file:///C:/Users/prabh/OneDrive/Desktop/geminicoder/node_modules/@vitest/runner/dist/index.js:146:14\n    at file:///C:/Users/prabh/OneDrive/Desktop/geminicoder/node_modules/@vitest/runner/dist/index.js:529:11\n    at runWithTimeout (file:///C:/Users/prabh/OneDrive/Desktop/geminicoder/node_modules/@vitest/runner/dist/index.js:61:7)\n    at runTest (file:///C:/Users/prabh/OneDrive/Desktop/geminicoder/node_modules/@vitest/runner/dist/index.js:982:17)\n    at processTicksAndRejections (node:internal/process/task_queues:95:5)\n    at runSuite (file:///C:/Users/prabh/OneDrive/Desktop/geminicoder/node_modules/@vitest/runner/dist/index.js:1131:15)\n    at runSuite (file:///C:/Users/prabh/OneDrive/Desktop/geminicoder/node_modules/@vitest/runner/dist/index.js:1131:15)"],"meta":{}},{"ancestorTitles":["Feature Flags System","Edge Cases"],"fullName":"Feature Flags System Edge Cases should handle empty string environment variables","status":"failed","title":"should handle empty string environment variables","duration":1.8440999999997985,"failureMessages":["Error: Cannot find module '@/lib/config/FeatureFlags'\nRequire stack:\n- C:\\Users\\prabh\\OneDrive\\Desktop\\geminicoder\\__tests__\\lib\\config\\FeatureFlags.test.ts\n    at Function.Module._resolveFilename (node:internal/modules/cjs/loader:1212:15)\n    at Function.resolve (node:internal/modules/helpers:193:19)\n    at C:\\Users\\prabh\\OneDrive\\Desktop\\geminicoder\\__tests__\\lib\\config\\FeatureFlags.test.ts:309:36\n    at file:///C:/Users/prabh/OneDrive/Desktop/geminicoder/node_modules/@vitest/runner/dist/index.js:146:14\n    at file:///C:/Users/prabh/OneDrive/Desktop/geminicoder/node_modules/@vitest/runner/dist/index.js:529:11\n    at runWithTimeout (file:///C:/Users/prabh/OneDrive/Desktop/geminicoder/node_modules/@vitest/runner/dist/index.js:61:7)\n    at runTest (file:///C:/Users/prabh/OneDrive/Desktop/geminicoder/node_modules/@vitest/runner/dist/index.js:982:17)\n    at processTicksAndRejections (node:internal/process/task_queues:95:5)\n    at runSuite (file:///C:/Users/prabh/OneDrive/Desktop/geminicoder/node_modules/@vitest/runner/dist/index.js:1131:15)\n    at runSuite (file:///C:/Users/prabh/OneDrive/Desktop/geminicoder/node_modules/@vitest/runner/dist/index.js:1131:15)"],"meta":{}},{"ancestorTitles":["Feature Flags System","Edge Cases"],"fullName":"Feature Flags System Edge Cases should handle whitespace in environment variables","status":"failed","title":"should handle whitespace in environment variables","duration":1.7779999999997926,"failureMessages":["Error: Cannot find module '@/lib/config/FeatureFlags'\nRequire stack:\n- C:\\Users\\prabh\\OneDrive\\Desktop\\geminicoder\\__tests__\\lib\\config\\FeatureFlags.test.ts\n    at Function.Module._resolveFilename (node:internal/modules/cjs/loader:1212:15)\n    at Function.resolve (node:internal/modules/helpers:193:19)\n    at C:\\Users\\prabh\\OneDrive\\Desktop\\geminicoder\\__tests__\\lib\\config\\FeatureFlags.test.ts:322:36\n    at file:///C:/Users/prabh/OneDrive/Desktop/geminicoder/node_modules/@vitest/runner/dist/index.js:146:14\n    at file:///C:/Users/prabh/OneDrive/Desktop/geminicoder/node_modules/@vitest/runner/dist/index.js:529:11\n    at runWithTimeout (file:///C:/Users/prabh/OneDrive/Desktop/geminicoder/node_modules/@vitest/runner/dist/index.js:61:7)\n    at runTest (file:///C:/Users/prabh/OneDrive/Desktop/geminicoder/node_modules/@vitest/runner/dist/index.js:982:17)\n    at processTicksAndRejections (node:internal/process/task_queues:95:5)\n    at runSuite (file:///C:/Users/prabh/OneDrive/Desktop/geminicoder/node_modules/@vitest/runner/dist/index.js:1131:15)\n    at runSuite (file:///C:/Users/prabh/OneDrive/Desktop/geminicoder/node_modules/@vitest/runner/dist/index.js:1131:15)"],"meta":{}},{"ancestorTitles":["Feature Flags System","Edge Cases"],"fullName":"Feature Flags System Edge Cases should handle all feature flag keys","status":"passed","title":"should handle all feature flag keys","duration":2.954099999999926,"failureMessages":[],"meta":{}}],"startTime":1751345125162,"endTime":1751345125226.954,"status":"failed","message":"","name":"C:/Users/prabh/OneDrive/Desktop/geminicoder/__tests__/lib/config/FeatureFlags.test.ts"}]}
